{"/Users/joshnaramojipally/ReactNativeProjects/src/components/atoms/AppButton.tsx": {"path":"/Users/joshnaramojipally/ReactNativeProjects/src/components/atoms/AppButton.tsx","statementMap":{"0":{"start":{"line":14,"column":51},"end":{"line":63,"column":1}},"1":{"start":{"line":22,"column":27},"end":{"line":33,"column":3}},"2":{"start":{"line":23,"column":4},"end":{"line":32,"column":5}},"3":{"start":{"line":25,"column":8},"end":{"line":25,"column":51}},"4":{"start":{"line":27,"column":8},"end":{"line":27,"column":53}},"5":{"start":{"line":29,"column":8},"end":{"line":29,"column":95}},"6":{"start":{"line":31,"column":8},"end":{"line":31,"column":51}},"7":{"start":{"line":35,"column":24},"end":{"line":46,"column":3}},"8":{"start":{"line":36,"column":4},"end":{"line":45,"column":5}},"9":{"start":{"line":38,"column":8},"end":{"line":38,"column":28}},"10":{"start":{"line":40,"column":8},"end":{"line":40,"column":30}},"11":{"start":{"line":42,"column":8},"end":{"line":42,"column":30}},"12":{"start":{"line":44,"column":8},"end":{"line":44,"column":28}},"13":{"start":{"line":48,"column":2},"end":{"line":62,"column":4}},"14":{"start":{"line":65,"column":15},"end":{"line":76,"column":2}}},"fnMap":{"0":{"name":"(anonymous_0)","decl":{"start":{"line":14,"column":51},"end":{"line":14,"column":52}},"loc":{"start":{"line":21,"column":6},"end":{"line":63,"column":1}},"line":21},"1":{"name":"(anonymous_1)","decl":{"start":{"line":22,"column":27},"end":{"line":22,"column":28}},"loc":{"start":{"line":22,"column":44},"end":{"line":33,"column":3}},"line":22},"2":{"name":"(anonymous_2)","decl":{"start":{"line":35,"column":24},"end":{"line":35,"column":25}},"loc":{"start":{"line":35,"column":38},"end":{"line":46,"column":3}},"line":35}},"branchMap":{"0":{"loc":{"start":{"line":16,"column":2},"end":{"line":16,"column":21}},"type":"default-arg","locations":[{"start":{"line":16,"column":12},"end":{"line":16,"column":21}}],"line":16},"1":{"loc":{"start":{"line":17,"column":2},"end":{"line":17,"column":17}},"type":"default-arg","locations":[{"start":{"line":17,"column":9},"end":{"line":17,"column":17}}],"line":17},"2":{"loc":{"start":{"line":23,"column":4},"end":{"line":32,"column":5}},"type":"switch","locations":[{"start":{"line":24,"column":6},"end":{"line":25,"column":51}},{"start":{"line":26,"column":6},"end":{"line":27,"column":53}},{"start":{"line":28,"column":6},"end":{"line":29,"column":95}},{"start":{"line":30,"column":6},"end":{"line":31,"column":51}}],"line":23},"3":{"loc":{"start":{"line":36,"column":4},"end":{"line":45,"column":5}},"type":"switch","locations":[{"start":{"line":37,"column":6},"end":{"line":38,"column":28}},{"start":{"line":39,"column":6},"end":{"line":40,"column":30}},{"start":{"line":41,"column":6},"end":{"line":42,"column":30}},{"start":{"line":43,"column":6},"end":{"line":44,"column":28}}],"line":36},"4":{"loc":{"start":{"line":50,"column":49},"end":{"line":50,"column":76}},"type":"binary-expr","locations":[{"start":{"line":50,"column":49},"end":{"line":50,"column":57}},{"start":{"line":50,"column":61},"end":{"line":50,"column":76}}],"line":50},"5":{"loc":{"start":{"line":55,"column":17},"end":{"line":55,"column":47}},"type":"cond-expr","locations":[{"start":{"line":55,"column":36},"end":{"line":55,"column":40}},{"start":{"line":55,"column":43},"end":{"line":55,"column":47}}],"line":55}},"s":{"0":0,"1":0,"2":0,"3":0,"4":0,"5":0,"6":0,"7":0,"8":0,"9":0,"10":0,"11":0,"12":0,"13":0,"14":0},"f":{"0":0,"1":0,"2":0},"b":{"0":[0],"1":[0],"2":[0,0,0,0],"3":[0,0,0,0],"4":[0,0],"5":[0,0]}}
,"/Users/joshnaramojipally/ReactNativeProjects/src/components/atoms/AppIcon.tsx": {"path":"/Users/joshnaramojipally/ReactNativeProjects/src/components/atoms/AppIcon.tsx","statementMap":{"0":{"start":{"line":12,"column":47},"end":{"line":19,"column":1}},"1":{"start":{"line":18,"column":2},"end":{"line":18,"column":79}}},"fnMap":{"0":{"name":"(anonymous_0)","decl":{"start":{"line":12,"column":47},"end":{"line":12,"column":48}},"loc":{"start":{"line":17,"column":6},"end":{"line":19,"column":1}},"line":17}},"branchMap":{"0":{"loc":{"start":{"line":14,"column":2},"end":{"line":14,"column":11}},"type":"default-arg","locations":[{"start":{"line":14,"column":9},"end":{"line":14,"column":11}}],"line":14},"1":{"loc":{"start":{"line":15,"column":2},"end":{"line":15,"column":29}},"type":"default-arg","locations":[{"start":{"line":15,"column":10},"end":{"line":15,"column":29}}],"line":15}},"s":{"0":0,"1":0},"f":{"0":0},"b":{"0":[0],"1":[0]}}
,"/Users/joshnaramojipally/ReactNativeProjects/src/components/atoms/AppText.tsx": {"path":"/Users/joshnaramojipally/ReactNativeProjects/src/components/atoms/AppText.tsx","statementMap":{"0":{"start":{"line":13,"column":47},"end":{"line":34,"column":1}},"1":{"start":{"line":22,"column":31},"end":{"line":27,"column":3}},"2":{"start":{"line":29,"column":2},"end":{"line":33,"column":4}}},"fnMap":{"0":{"name":"(anonymous_0)","decl":{"start":{"line":13,"column":47},"end":{"line":13,"column":48}},"loc":{"start":{"line":21,"column":6},"end":{"line":34,"column":1}},"line":21}},"branchMap":{"0":{"loc":{"start":{"line":14,"column":2},"end":{"line":14,"column":19}},"type":"default-arg","locations":[{"start":{"line":14,"column":12},"end":{"line":14,"column":19}}],"line":14},"1":{"loc":{"start":{"line":15,"column":2},"end":{"line":15,"column":29}},"type":"default-arg","locations":[{"start":{"line":15,"column":10},"end":{"line":15,"column":29}}],"line":15},"2":{"loc":{"start":{"line":16,"column":2},"end":{"line":16,"column":20}},"type":"default-arg","locations":[{"start":{"line":16,"column":11},"end":{"line":16,"column":20}}],"line":16},"3":{"loc":{"start":{"line":17,"column":2},"end":{"line":17,"column":16}},"type":"default-arg","locations":[{"start":{"line":17,"column":10},"end":{"line":17,"column":16}}],"line":17}},"s":{"0":0,"1":0,"2":0},"f":{"0":0},"b":{"0":[0],"1":[0],"2":[0],"3":[0]}}
,"/Users/joshnaramojipally/ReactNativeProjects/src/components/molecules/MenuListItem.tsx": {"path":"/Users/joshnaramojipally/ReactNativeProjects/src/components/molecules/MenuListItem.tsx","statementMap":{"0":{"start":{"line":14,"column":20},"end":{"line":31,"column":1}},"1":{"start":{"line":15,"column":2},"end":{"line":30,"column":3}},"2":{"start":{"line":17,"column":6},"end":{"line":17,"column":20}},"3":{"start":{"line":19,"column":6},"end":{"line":19,"column":28}},"4":{"start":{"line":21,"column":6},"end":{"line":21,"column":30}},"5":{"start":{"line":23,"column":6},"end":{"line":23,"column":32}},"6":{"start":{"line":25,"column":6},"end":{"line":25,"column":23}},"7":{"start":{"line":27,"column":6},"end":{"line":27,"column":27}},"8":{"start":{"line":29,"column":6},"end":{"line":29,"column":26}},"9":{"start":{"line":33,"column":57},"end":{"line":61,"column":1}},"10":{"start":{"line":38,"column":2},"end":{"line":60,"column":4}},"11":{"start":{"line":63,"column":15},"end":{"line":90,"column":2}}},"fnMap":{"0":{"name":"(anonymous_0)","decl":{"start":{"line":14,"column":20},"end":{"line":14,"column":21}},"loc":{"start":{"line":14,"column":44},"end":{"line":31,"column":1}},"line":14},"1":{"name":"(anonymous_1)","decl":{"start":{"line":33,"column":57},"end":{"line":33,"column":58}},"loc":{"start":{"line":37,"column":6},"end":{"line":61,"column":1}},"line":37}},"branchMap":{"0":{"loc":{"start":{"line":15,"column":2},"end":{"line":30,"column":3}},"type":"switch","locations":[{"start":{"line":16,"column":4},"end":{"line":17,"column":20}},{"start":{"line":18,"column":4},"end":{"line":19,"column":28}},{"start":{"line":20,"column":4},"end":{"line":21,"column":30}},{"start":{"line":22,"column":4},"end":{"line":23,"column":32}},{"start":{"line":24,"column":4},"end":{"line":25,"column":23}},{"start":{"line":26,"column":4},"end":{"line":27,"column":27}},{"start":{"line":28,"column":4},"end":{"line":29,"column":26}}],"line":15},"1":{"loc":{"start":{"line":35,"column":2},"end":{"line":35,"column":18}},"type":"default-arg","locations":[{"start":{"line":35,"column":13},"end":{"line":35,"column":18}}],"line":35},"2":{"loc":{"start":{"line":40,"column":32},"end":{"line":40,"column":66}},"type":"binary-expr","locations":[{"start":{"line":40,"column":32},"end":{"line":40,"column":40}},{"start":{"line":40,"column":44},"end":{"line":40,"column":66}}],"line":40},"3":{"loc":{"start":{"line":44,"column":39},"end":{"line":44,"column":74}},"type":"binary-expr","locations":[{"start":{"line":44,"column":39},"end":{"line":44,"column":47}},{"start":{"line":44,"column":51},"end":{"line":44,"column":74}}],"line":44},"4":{"loc":{"start":{"line":48,"column":17},"end":{"line":48,"column":57}},"type":"cond-expr","locations":[{"start":{"line":48,"column":28},"end":{"line":48,"column":40}},{"start":{"line":48,"column":43},"end":{"line":48,"column":57}}],"line":48},"5":{"loc":{"start":{"line":53,"column":16},"end":{"line":53,"column":47}},"type":"cond-expr","locations":[{"start":{"line":53,"column":27},"end":{"line":53,"column":35}},{"start":{"line":53,"column":38},"end":{"line":53,"column":47}}],"line":53},"6":{"loc":{"start":{"line":54,"column":15},"end":{"line":54,"column":64}},"type":"cond-expr","locations":[{"start":{"line":54,"column":26},"end":{"line":54,"column":40}},{"start":{"line":54,"column":43},"end":{"line":54,"column":64}}],"line":54}},"s":{"0":0,"1":0,"2":0,"3":0,"4":0,"5":0,"6":0,"7":0,"8":0,"9":0,"10":0,"11":0},"f":{"0":0,"1":0},"b":{"0":[0,0,0,0,0,0,0],"1":[0],"2":[0,0],"3":[0,0],"4":[0,0],"5":[0,0],"6":[0,0]}}
,"/Users/joshnaramojipally/ReactNativeProjects/src/components/organisms/ActionCard.tsx": {"path":"/Users/joshnaramojipally/ReactNativeProjects/src/components/organisms/ActionCard.tsx","statementMap":{"0":{"start":{"line":13,"column":53},"end":{"line":28,"column":1}},"1":{"start":{"line":14,"column":2},"end":{"line":27,"column":4}},"2":{"start":{"line":30,"column":15},"end":{"line":54,"column":2}}},"fnMap":{"0":{"name":"(anonymous_0)","decl":{"start":{"line":13,"column":53},"end":{"line":13,"column":54}},"loc":{"start":{"line":13,"column":77},"end":{"line":28,"column":1}},"line":13}},"branchMap":{},"s":{"0":0,"1":0,"2":0},"f":{"0":0},"b":{}}
,"/Users/joshnaramojipally/ReactNativeProjects/src/components/organisms/AppointmentCard.tsx": {"path":"/Users/joshnaramojipally/ReactNativeProjects/src/components/organisms/AppointmentCard.tsx","statementMap":{"0":{"start":{"line":17,"column":63},"end":{"line":51,"column":1}},"1":{"start":{"line":24,"column":2},"end":{"line":50,"column":4}},"2":{"start":{"line":53,"column":15},"end":{"line":89,"column":2}}},"fnMap":{"0":{"name":"(anonymous_0)","decl":{"start":{"line":17,"column":63},"end":{"line":17,"column":64}},"loc":{"start":{"line":23,"column":6},"end":{"line":51,"column":1}},"line":23}},"branchMap":{},"s":{"0":0,"1":0,"2":0},"f":{"0":0},"b":{}}
,"/Users/joshnaramojipally/ReactNativeProjects/src/components/organisms/DashboardHeader.tsx": {"path":"/Users/joshnaramojipally/ReactNativeProjects/src/components/organisms/DashboardHeader.tsx","statementMap":{"0":{"start":{"line":14,"column":63},"end":{"line":40,"column":1}},"1":{"start":{"line":19,"column":2},"end":{"line":39,"column":4}},"2":{"start":{"line":42,"column":15},"end":{"line":71,"column":2}}},"fnMap":{"0":{"name":"(anonymous_0)","decl":{"start":{"line":14,"column":63},"end":{"line":14,"column":64}},"loc":{"start":{"line":18,"column":6},"end":{"line":40,"column":1}},"line":18}},"branchMap":{},"s":{"0":0,"1":0,"2":0},"f":{"0":0},"b":{}}
,"/Users/joshnaramojipally/ReactNativeProjects/src/core/constants/AppConstants.ts": {"path":"/Users/joshnaramojipally/ReactNativeProjects/src/core/constants/AppConstants.ts","statementMap":{"0":{"start":{"line":1,"column":28},"end":{"line":17,"column":1}}},"fnMap":{},"branchMap":{},"s":{"0":0},"f":{},"b":{}}
,"/Users/joshnaramojipally/ReactNativeProjects/src/core/constants/strings.ts": {"path":"/Users/joshnaramojipally/ReactNativeProjects/src/core/constants/strings.ts","statementMap":{"0":{"start":{"line":1,"column":23},"end":{"line":26,"column":1}}},"fnMap":{},"branchMap":{},"s":{"0":0},"f":{},"b":{}}
,"/Users/joshnaramojipally/ReactNativeProjects/src/core/navigation/RootNavigator.tsx": {"path":"/Users/joshnaramojipally/ReactNativeProjects/src/core/navigation/RootNavigator.tsx","statementMap":{"0":{"start":{"line":12,"column":14},"end":{"line":12,"column":42}},"1":{"start":{"line":13,"column":12},"end":{"line":13,"column":38}},"2":{"start":{"line":15,"column":26},"end":{"line":20,"column":1}},"3":{"start":{"line":16,"column":2},"end":{"line":19,"column":9}},"4":{"start":{"line":22,"column":21},"end":{"line":58,"column":1}},"5":{"start":{"line":23,"column":2},"end":{"line":57,"column":4}},"6":{"start":{"line":25,"column":37},"end":{"line":50,"column":7}},"7":{"start":{"line":29,"column":10},"end":{"line":37,"column":11}},"8":{"start":{"line":30,"column":12},"end":{"line":30,"column":35}},"9":{"start":{"line":31,"column":17},"end":{"line":37,"column":11}},"10":{"start":{"line":32,"column":12},"end":{"line":32,"column":38}},"11":{"start":{"line":33,"column":17},"end":{"line":37,"column":11}},"12":{"start":{"line":34,"column":12},"end":{"line":34,"column":31}},"13":{"start":{"line":35,"column":17},"end":{"line":37,"column":11}},"14":{"start":{"line":36,"column":12},"end":{"line":36,"column":40}},"15":{"start":{"line":39,"column":10},"end":{"line":39,"column":71}},"16":{"start":{"line":53,"column":72},"end":{"line":53,"column":109}},"17":{"start":{"line":54,"column":76},"end":{"line":54,"column":117}},"18":{"start":{"line":55,"column":50},"end":{"line":55,"column":86}},"19":{"start":{"line":60,"column":29},"end":{"line":69,"column":1}},"20":{"start":{"line":61,"column":2},"end":{"line":68,"column":4}}},"fnMap":{"0":{"name":"(anonymous_0)","decl":{"start":{"line":15,"column":26},"end":{"line":15,"column":27}},"loc":{"start":{"line":16,"column":2},"end":{"line":19,"column":9}},"line":16},"1":{"name":"(anonymous_1)","decl":{"start":{"line":22,"column":21},"end":{"line":22,"column":22}},"loc":{"start":{"line":22,"column":27},"end":{"line":58,"column":1}},"line":22},"2":{"name":"(anonymous_2)","decl":{"start":{"line":25,"column":21},"end":{"line":25,"column":22}},"loc":{"start":{"line":25,"column":37},"end":{"line":50,"column":7}},"line":25},"3":{"name":"(anonymous_3)","decl":{"start":{"line":26,"column":20},"end":{"line":26,"column":21}},"loc":{"start":{"line":26,"column":41},"end":{"line":40,"column":9}},"line":26},"4":{"name":"(anonymous_4)","decl":{"start":{"line":53,"column":66},"end":{"line":53,"column":67}},"loc":{"start":{"line":53,"column":72},"end":{"line":53,"column":109}},"line":53},"5":{"name":"(anonymous_5)","decl":{"start":{"line":54,"column":70},"end":{"line":54,"column":71}},"loc":{"start":{"line":54,"column":76},"end":{"line":54,"column":117}},"line":54},"6":{"name":"(anonymous_6)","decl":{"start":{"line":55,"column":44},"end":{"line":55,"column":45}},"loc":{"start":{"line":55,"column":50},"end":{"line":55,"column":86}},"line":55},"7":{"name":"(anonymous_7)","decl":{"start":{"line":60,"column":29},"end":{"line":60,"column":30}},"loc":{"start":{"line":60,"column":35},"end":{"line":69,"column":1}},"line":60}},"branchMap":{"0":{"loc":{"start":{"line":29,"column":10},"end":{"line":37,"column":11}},"type":"if","locations":[{"start":{"line":29,"column":10},"end":{"line":37,"column":11}},{"start":{"line":31,"column":17},"end":{"line":37,"column":11}}],"line":29},"1":{"loc":{"start":{"line":31,"column":17},"end":{"line":37,"column":11}},"type":"if","locations":[{"start":{"line":31,"column":17},"end":{"line":37,"column":11}},{"start":{"line":33,"column":17},"end":{"line":37,"column":11}}],"line":31},"2":{"loc":{"start":{"line":33,"column":17},"end":{"line":37,"column":11}},"type":"if","locations":[{"start":{"line":33,"column":17},"end":{"line":37,"column":11}},{"start":{"line":35,"column":17},"end":{"line":37,"column":11}}],"line":33},"3":{"loc":{"start":{"line":35,"column":17},"end":{"line":37,"column":11}},"type":"if","locations":[{"start":{"line":35,"column":17},"end":{"line":37,"column":11}},{"start":{},"end":{}}],"line":35}},"s":{"0":0,"1":0,"2":0,"3":0,"4":0,"5":0,"6":0,"7":0,"8":0,"9":0,"10":0,"11":0,"12":0,"13":0,"14":0,"15":0,"16":0,"17":0,"18":0,"19":0,"20":0},"f":{"0":0,"1":0,"2":0,"3":0,"4":0,"5":0,"6":0,"7":0},"b":{"0":[0,0],"1":[0,0],"2":[0,0],"3":[0,0]}}
,"/Users/joshnaramojipally/ReactNativeProjects/src/core/services/apiService.ts": {"path":"/Users/joshnaramojipally/ReactNativeProjects/src/core/services/apiService.ts","statementMap":{"0":{"start":{"line":9,"column":26},"end":{"line":51,"column":1}},"1":{"start":{"line":11,"column":4},"end":{"line":37,"column":5}},"2":{"start":{"line":12,"column":23},"end":{"line":18,"column":8}},"3":{"start":{"line":20,"column":19},"end":{"line":20,"column":40}},"4":{"start":{"line":22,"column":6},"end":{"line":24,"column":7}},"5":{"start":{"line":23,"column":8},"end":{"line":23,"column":71}},"6":{"start":{"line":26,"column":6},"end":{"line":30,"column":8}},"7":{"start":{"line":32,"column":6},"end":{"line":36,"column":8}},"8":{"start":{"line":41,"column":4},"end":{"line":41,"column":67}},"9":{"start":{"line":45,"column":4},"end":{"line":49,"column":7}}},"fnMap":{"0":{"name":"(anonymous_0)","decl":{"start":{"line":10,"column":9},"end":{"line":10,"column":10}},"loc":{"start":{"line":10,"column":83},"end":{"line":38,"column":3}},"line":10},"1":{"name":"(anonymous_1)","decl":{"start":{"line":40,"column":7},"end":{"line":40,"column":8}},"loc":{"start":{"line":40,"column":50},"end":{"line":42,"column":3}},"line":40},"2":{"name":"(anonymous_2)","decl":{"start":{"line":44,"column":8},"end":{"line":44,"column":9}},"loc":{"start":{"line":44,"column":62},"end":{"line":50,"column":3}},"line":44}},"branchMap":{"0":{"loc":{"start":{"line":22,"column":6},"end":{"line":24,"column":7}},"type":"if","locations":[{"start":{"line":22,"column":6},"end":{"line":24,"column":7}},{"start":{},"end":{}}],"line":22},"1":{"loc":{"start":{"line":23,"column":24},"end":{"line":23,"column":69}},"type":"binary-expr","locations":[{"start":{"line":23,"column":24},"end":{"line":23,"column":36}},{"start":{"line":23,"column":40},"end":{"line":23,"column":69}}],"line":23},"2":{"loc":{"start":{"line":34,"column":15},"end":{"line":34,"column":54}},"type":"binary-expr","locations":[{"start":{"line":34,"column":15},"end":{"line":34,"column":28}},{"start":{"line":34,"column":32},"end":{"line":34,"column":54}}],"line":34}},"s":{"0":0,"1":0,"2":0,"3":0,"4":0,"5":0,"6":0,"7":0,"8":0,"9":0},"f":{"0":0,"1":0,"2":0},"b":{"0":[0,0],"1":[0,0],"2":[0,0]}}
,"/Users/joshnaramojipally/ReactNativeProjects/src/data/models/DashboardModel.ts": {"path":"/Users/joshnaramojipally/ReactNativeProjects/src/data/models/DashboardModel.ts","statementMap":{},"fnMap":{},"branchMap":{},"s":{},"f":{},"b":{}}
,"/Users/joshnaramojipally/ReactNativeProjects/src/data/repositories/DashboardRepository.ts": {"path":"/Users/joshnaramojipally/ReactNativeProjects/src/data/repositories/DashboardRepository.ts","statementMap":{"0":{"start":{"line":4,"column":35},"end":{"line":19,"column":1}},"1":{"start":{"line":7,"column":4},"end":{"line":7,"column":61}},"2":{"start":{"line":7,"column":35},"end":{"line":7,"column":59}},"3":{"start":{"line":9,"column":4},"end":{"line":9,"column":42}},"4":{"start":{"line":17,"column":4},"end":{"line":17,"column":16}}},"fnMap":{"0":{"name":"(anonymous_0)","decl":{"start":{"line":5,"column":20},"end":{"line":5,"column":21}},"loc":{"start":{"line":5,"column":56},"end":{"line":10,"column":3}},"line":5},"1":{"name":"(anonymous_1)","decl":{"start":{"line":7,"column":22},"end":{"line":7,"column":23}},"loc":{"start":{"line":7,"column":35},"end":{"line":7,"column":59}},"line":7},"2":{"name":"(anonymous_2)","decl":{"start":{"line":13,"column":27},"end":{"line":13,"column":28}},"loc":{"start":{"line":13,"column":70},"end":{"line":18,"column":3}},"line":13}},"branchMap":{},"s":{"0":0,"1":0,"2":0,"3":0,"4":0},"f":{"0":0,"1":0,"2":0},"b":{}}
,"/Users/joshnaramojipally/ReactNativeProjects/src/presentation/screens/Dashboard/DashboardView.tsx": {"path":"/Users/joshnaramojipally/ReactNativeProjects/src/presentation/screens/Dashboard/DashboardView.tsx","statementMap":{"0":{"start":{"line":13,"column":29},"end":{"line":99,"column":1}},"1":{"start":{"line":23,"column":6},"end":{"line":23,"column":29}},"2":{"start":{"line":25,"column":2},"end":{"line":31,"column":3}},"3":{"start":{"line":26,"column":4},"end":{"line":30,"column":6}},"4":{"start":{"line":33,"column":2},"end":{"line":42,"column":3}},"5":{"start":{"line":34,"column":4},"end":{"line":41,"column":6}},"6":{"start":{"line":44,"column":2},"end":{"line":98,"column":4}},"7":{"start":{"line":60,"column":36},"end":{"line":60,"column":40}},"8":{"start":{"line":62,"column":14},"end":{"line":66,"column":16}},"9":{"start":{"line":65,"column":31},"end":{"line":65,"column":48}},"10":{"start":{"line":72,"column":12},"end":{"line":83,"column":13}},"11":{"start":{"line":73,"column":14},"end":{"line":82,"column":16}},"12":{"start":{"line":80,"column":36},"end":{"line":80,"column":62}},"13":{"start":{"line":84,"column":12},"end":{"line":92,"column":13}},"14":{"start":{"line":85,"column":14},"end":{"line":91,"column":16}},"15":{"start":{"line":89,"column":33},"end":{"line":89,"column":64}},"16":{"start":{"line":93,"column":12},"end":{"line":93,"column":24}}},"fnMap":{"0":{"name":"(anonymous_0)","decl":{"start":{"line":13,"column":29},"end":{"line":13,"column":30}},"loc":{"start":{"line":13,"column":35},"end":{"line":99,"column":1}},"line":13},"1":{"name":"(anonymous_1)","decl":{"start":{"line":60,"column":26},"end":{"line":60,"column":27}},"loc":{"start":{"line":60,"column":36},"end":{"line":60,"column":40}},"line":60},"2":{"name":"(anonymous_2)","decl":{"start":{"line":61,"column":24},"end":{"line":61,"column":25}},"loc":{"start":{"line":62,"column":14},"end":{"line":66,"column":16}},"line":62},"3":{"name":"(anonymous_3)","decl":{"start":{"line":65,"column":25},"end":{"line":65,"column":26}},"loc":{"start":{"line":65,"column":31},"end":{"line":65,"column":48}},"line":65},"4":{"name":"(anonymous_4)","decl":{"start":{"line":71,"column":26},"end":{"line":71,"column":27}},"loc":{"start":{"line":71,"column":43},"end":{"line":94,"column":11}},"line":71},"5":{"name":"(anonymous_5)","decl":{"start":{"line":80,"column":30},"end":{"line":80,"column":31}},"loc":{"start":{"line":80,"column":36},"end":{"line":80,"column":62}},"line":80},"6":{"name":"(anonymous_6)","decl":{"start":{"line":89,"column":27},"end":{"line":89,"column":28}},"loc":{"start":{"line":89,"column":33},"end":{"line":89,"column":64}},"line":89}},"branchMap":{"0":{"loc":{"start":{"line":25,"column":2},"end":{"line":31,"column":3}},"type":"if","locations":[{"start":{"line":25,"column":2},"end":{"line":31,"column":3}},{"start":{},"end":{}}],"line":25},"1":{"loc":{"start":{"line":33,"column":2},"end":{"line":42,"column":3}},"type":"if","locations":[{"start":{"line":33,"column":2},"end":{"line":42,"column":3}},{"start":{},"end":{}}],"line":33},"2":{"loc":{"start":{"line":33,"column":6},"end":{"line":33,"column":20}},"type":"binary-expr","locations":[{"start":{"line":33,"column":6},"end":{"line":33,"column":11}},{"start":{"line":33,"column":15},"end":{"line":33,"column":20}}],"line":33},"3":{"loc":{"start":{"line":37,"column":11},"end":{"line":37,"column":42}},"type":"binary-expr","locations":[{"start":{"line":37,"column":11},"end":{"line":37,"column":16}},{"start":{"line":37,"column":20},"end":{"line":37,"column":42}}],"line":37},"4":{"loc":{"start":{"line":72,"column":12},"end":{"line":83,"column":13}},"type":"if","locations":[{"start":{"line":72,"column":12},"end":{"line":83,"column":13}},{"start":{},"end":{}}],"line":72},"5":{"loc":{"start":{"line":76,"column":24},"end":{"line":76,"column":39}},"type":"binary-expr","locations":[{"start":{"line":76,"column":24},"end":{"line":76,"column":33}},{"start":{"line":76,"column":37},"end":{"line":76,"column":39}}],"line":76},"6":{"loc":{"start":{"line":77,"column":26},"end":{"line":77,"column":43}},"type":"binary-expr","locations":[{"start":{"line":77,"column":26},"end":{"line":77,"column":37}},{"start":{"line":77,"column":41},"end":{"line":77,"column":43}}],"line":77},"7":{"loc":{"start":{"line":78,"column":24},"end":{"line":78,"column":39}},"type":"binary-expr","locations":[{"start":{"line":78,"column":24},"end":{"line":78,"column":33}},{"start":{"line":78,"column":37},"end":{"line":78,"column":39}}],"line":78},"8":{"loc":{"start":{"line":79,"column":23},"end":{"line":79,"column":37}},"type":"binary-expr","locations":[{"start":{"line":79,"column":23},"end":{"line":79,"column":31}},{"start":{"line":79,"column":35},"end":{"line":79,"column":37}}],"line":79},"9":{"loc":{"start":{"line":80,"column":47},"end":{"line":80,"column":61}},"type":"binary-expr","locations":[{"start":{"line":80,"column":47},"end":{"line":80,"column":55}},{"start":{"line":80,"column":59},"end":{"line":80,"column":61}}],"line":80},"10":{"loc":{"start":{"line":84,"column":12},"end":{"line":92,"column":13}},"type":"if","locations":[{"start":{"line":84,"column":12},"end":{"line":92,"column":13}},{"start":{},"end":{}}],"line":84},"11":{"loc":{"start":{"line":88,"column":25},"end":{"line":88,"column":41}},"type":"binary-expr","locations":[{"start":{"line":88,"column":25},"end":{"line":88,"column":35}},{"start":{"line":88,"column":39},"end":{"line":88,"column":41}}],"line":88},"12":{"loc":{"start":{"line":89,"column":47},"end":{"line":89,"column":63}},"type":"binary-expr","locations":[{"start":{"line":89,"column":47},"end":{"line":89,"column":57}},{"start":{"line":89,"column":61},"end":{"line":89,"column":63}}],"line":89}},"s":{"0":0,"1":0,"2":0,"3":0,"4":0,"5":0,"6":0,"7":0,"8":0,"9":0,"10":0,"11":0,"12":0,"13":0,"14":0,"15":0,"16":0},"f":{"0":0,"1":0,"2":0,"3":0,"4":0,"5":0,"6":0},"b":{"0":[0,0],"1":[0,0],"2":[0,0],"3":[0,0],"4":[0,0],"5":[0,0],"6":[0,0],"7":[0,0],"8":[0,0],"9":[0,0],"10":[0,0],"11":[0,0],"12":[0,0]}}
,"/Users/joshnaramojipally/ReactNativeProjects/src/presentation/screens/Dashboard/DashboardViewModel.ts": {"path":"/Users/joshnaramojipally/ReactNativeProjects/src/presentation/screens/Dashboard/DashboardViewModel.ts","statementMap":{"0":{"start":{"line":5,"column":37},"end":{"line":59,"column":1}},"1":{"start":{"line":6,"column":26},"end":{"line":6,"column":62}},"2":{"start":{"line":7,"column":36},"end":{"line":7,"column":59}},"3":{"start":{"line":8,"column":28},"end":{"line":8,"column":57}},"4":{"start":{"line":9,"column":38},"end":{"line":9,"column":62}},"5":{"start":{"line":11,"column":29},"end":{"line":22,"column":8}},"6":{"start":{"line":12,"column":4},"end":{"line":12,"column":23}},"7":{"start":{"line":13,"column":4},"end":{"line":13,"column":19}},"8":{"start":{"line":14,"column":4},"end":{"line":21,"column":5}},"9":{"start":{"line":15,"column":23},"end":{"line":15,"column":67}},"10":{"start":{"line":16,"column":6},"end":{"line":16,"column":24}},"11":{"start":{"line":18,"column":6},"end":{"line":18,"column":63}},"12":{"start":{"line":20,"column":6},"end":{"line":20,"column":26}},"13":{"start":{"line":24,"column":2},"end":{"line":26,"column":27}},"14":{"start":{"line":25,"column":4},"end":{"line":25,"column":25}},"15":{"start":{"line":28,"column":22},"end":{"line":31,"column":3}},"16":{"start":{"line":29,"column":4},"end":{"line":29,"column":24}},"17":{"start":{"line":33,"column":21},"end":{"line":36,"column":3}},"18":{"start":{"line":34,"column":4},"end":{"line":34,"column":39}},"19":{"start":{"line":38,"column":24},"end":{"line":41,"column":3}},"20":{"start":{"line":39,"column":4},"end":{"line":39,"column":44}},"21":{"start":{"line":43,"column":25},"end":{"line":46,"column":3}},"22":{"start":{"line":44,"column":4},"end":{"line":44,"column":35}},"23":{"start":{"line":48,"column":2},"end":{"line":58,"column":4}}},"fnMap":{"0":{"name":"(anonymous_0)","decl":{"start":{"line":5,"column":37},"end":{"line":5,"column":38}},"loc":{"start":{"line":5,"column":43},"end":{"line":59,"column":1}},"line":5},"1":{"name":"(anonymous_1)","decl":{"start":{"line":11,"column":41},"end":{"line":11,"column":42}},"loc":{"start":{"line":11,"column":53},"end":{"line":22,"column":3}},"line":11},"2":{"name":"(anonymous_2)","decl":{"start":{"line":24,"column":12},"end":{"line":24,"column":13}},"loc":{"start":{"line":24,"column":18},"end":{"line":26,"column":3}},"line":24},"3":{"name":"(anonymous_3)","decl":{"start":{"line":28,"column":22},"end":{"line":28,"column":23}},"loc":{"start":{"line":28,"column":40},"end":{"line":31,"column":3}},"line":28},"4":{"name":"(anonymous_4)","decl":{"start":{"line":33,"column":21},"end":{"line":33,"column":22}},"loc":{"start":{"line":33,"column":38},"end":{"line":36,"column":3}},"line":33},"5":{"name":"(anonymous_5)","decl":{"start":{"line":38,"column":24},"end":{"line":38,"column":25}},"loc":{"start":{"line":38,"column":43},"end":{"line":41,"column":3}},"line":38},"6":{"name":"(anonymous_6)","decl":{"start":{"line":43,"column":25},"end":{"line":43,"column":26}},"loc":{"start":{"line":43,"column":31},"end":{"line":46,"column":3}},"line":43}},"branchMap":{"0":{"loc":{"start":{"line":18,"column":15},"end":{"line":18,"column":61}},"type":"binary-expr","locations":[{"start":{"line":18,"column":15},"end":{"line":18,"column":26}},{"start":{"line":18,"column":30},"end":{"line":18,"column":61}}],"line":18}},"s":{"0":1,"1":7,"2":7,"3":7,"4":7,"5":7,"6":3,"7":3,"8":3,"9":3,"10":2,"11":1,"12":3,"13":7,"14":3,"15":7,"16":1,"17":7,"18":0,"19":7,"20":0,"21":7,"22":0,"23":7},"f":{"0":7,"1":3,"2":3,"3":1,"4":0,"5":0,"6":0},"b":{"0":[1,0]},"_coverageSchema":"1a1c01bbd47fc00a2c39e90264f33305004495a9","hash":"e1f9ab32701c52bde360f9878080ac68b38cefac"}
}
