{"/Users/joshnaramojipally/ReactNative Projects/MindoulaDashBoard/src/components/atoms/AppButton.tsx": {"path":"/Users/joshnaramojipally/ReactNative Projects/MindoulaDashBoard/src/components/atoms/AppButton.tsx","statementMap":{"0":{"start":{"line":15,"column":51},"end":{"line":95,"column":1}},"1":{"start":{"line":24,"column":22},"end":{"line":33,"column":3}},"2":{"start":{"line":25,"column":4},"end":{"line":32,"column":5}},"3":{"start":{"line":26,"column":6},"end":{"line":30,"column":7}},"4":{"start":{"line":27,"column":8},"end":{"line":27,"column":38}},"5":{"start":{"line":29,"column":8},"end":{"line":29,"column":37}},"6":{"start":{"line":31,"column":6},"end":{"line":31,"column":21}},"7":{"start":{"line":35,"column":27},"end":{"line":48,"column":3}},"8":{"start":{"line":36,"column":4},"end":{"line":47,"column":5}},"9":{"start":{"line":38,"column":8},"end":{"line":38,"column":51}},"10":{"start":{"line":40,"column":8},"end":{"line":40,"column":53}},"11":{"start":{"line":42,"column":8},"end":{"line":42,"column":95}},"12":{"start":{"line":44,"column":8},"end":{"line":44,"column":50}},"13":{"start":{"line":46,"column":8},"end":{"line":46,"column":51}},"14":{"start":{"line":50,"column":24},"end":{"line":61,"column":3}},"15":{"start":{"line":51,"column":4},"end":{"line":60,"column":5}},"16":{"start":{"line":53,"column":8},"end":{"line":53,"column":28}},"17":{"start":{"line":57,"column":8},"end":{"line":57,"column":30}},"18":{"start":{"line":59,"column":8},"end":{"line":59,"column":28}},"19":{"start":{"line":63,"column":24},"end":{"line":72,"column":3}},"20":{"start":{"line":64,"column":4},"end":{"line":71,"column":5}},"21":{"start":{"line":66,"column":8},"end":{"line":66,"column":93}},"22":{"start":{"line":68,"column":8},"end":{"line":68,"column":94}},"23":{"start":{"line":70,"column":8},"end":{"line":70,"column":93}},"24":{"start":{"line":74,"column":2},"end":{"line":94,"column":4}},"25":{"start":{"line":97,"column":15},"end":{"line":106,"column":2}}},"fnMap":{"0":{"name":"(anonymous_0)","decl":{"start":{"line":15,"column":51},"end":{"line":15,"column":52}},"loc":{"start":{"line":23,"column":6},"end":{"line":95,"column":1}},"line":23},"1":{"name":"(anonymous_1)","decl":{"start":{"line":24,"column":22},"end":{"line":24,"column":23}},"loc":{"start":{"line":24,"column":38},"end":{"line":33,"column":3}},"line":24},"2":{"name":"(anonymous_2)","decl":{"start":{"line":35,"column":27},"end":{"line":35,"column":28}},"loc":{"start":{"line":35,"column":44},"end":{"line":48,"column":3}},"line":35},"3":{"name":"(anonymous_3)","decl":{"start":{"line":50,"column":24},"end":{"line":50,"column":25}},"loc":{"start":{"line":50,"column":38},"end":{"line":61,"column":3}},"line":50},"4":{"name":"(anonymous_4)","decl":{"start":{"line":63,"column":24},"end":{"line":63,"column":25}},"loc":{"start":{"line":63,"column":41},"end":{"line":72,"column":3}},"line":63}},"branchMap":{"0":{"loc":{"start":{"line":17,"column":2},"end":{"line":17,"column":21}},"type":"default-arg","locations":[{"start":{"line":17,"column":12},"end":{"line":17,"column":21}}],"line":17},"1":{"loc":{"start":{"line":18,"column":2},"end":{"line":18,"column":17}},"type":"default-arg","locations":[{"start":{"line":18,"column":9},"end":{"line":18,"column":17}}],"line":18},"2":{"loc":{"start":{"line":25,"column":4},"end":{"line":32,"column":5}},"type":"if","locations":[{"start":{"line":25,"column":4},"end":{"line":32,"column":5}},{"start":{},"end":{}}],"line":25},"3":{"loc":{"start":{"line":26,"column":6},"end":{"line":30,"column":7}},"type":"if","locations":[{"start":{"line":26,"column":6},"end":{"line":30,"column":7}},{"start":{"line":28,"column":13},"end":{"line":30,"column":7}}],"line":26},"4":{"loc":{"start":{"line":26,"column":10},"end":{"line":26,"column":56}},"type":"binary-expr","locations":[{"start":{"line":26,"column":10},"end":{"line":26,"column":31}},{"start":{"line":26,"column":35},"end":{"line":26,"column":56}}],"line":26},"5":{"loc":{"start":{"line":36,"column":4},"end":{"line":47,"column":5}},"type":"switch","locations":[{"start":{"line":37,"column":6},"end":{"line":38,"column":51}},{"start":{"line":39,"column":6},"end":{"line":40,"column":53}},{"start":{"line":41,"column":6},"end":{"line":42,"column":95}},{"start":{"line":43,"column":6},"end":{"line":44,"column":50}},{"start":{"line":45,"column":6},"end":{"line":46,"column":51}}],"line":36},"6":{"loc":{"start":{"line":51,"column":4},"end":{"line":60,"column":5}},"type":"switch","locations":[{"start":{"line":52,"column":6},"end":{"line":53,"column":28}},{"start":{"line":54,"column":6},"end":{"line":54,"column":23}},{"start":{"line":55,"column":6},"end":{"line":55,"column":21}},{"start":{"line":56,"column":6},"end":{"line":57,"column":30}},{"start":{"line":58,"column":6},"end":{"line":59,"column":28}}],"line":51},"7":{"loc":{"start":{"line":64,"column":4},"end":{"line":71,"column":5}},"type":"switch","locations":[{"start":{"line":65,"column":6},"end":{"line":66,"column":93}},{"start":{"line":67,"column":6},"end":{"line":68,"column":94}},{"start":{"line":69,"column":6},"end":{"line":70,"column":93}}],"line":64},"8":{"loc":{"start":{"line":80,"column":8},"end":{"line":80,"column":35}},"type":"binary-expr","locations":[{"start":{"line":80,"column":8},"end":{"line":80,"column":16}},{"start":{"line":80,"column":20},"end":{"line":80,"column":35}}],"line":80},"9":{"loc":{"start":{"line":87,"column":14},"end":{"line":87,"column":41}},"type":"binary-expr","locations":[{"start":{"line":87,"column":14},"end":{"line":87,"column":25}},{"start":{"line":87,"column":29},"end":{"line":87,"column":41}}],"line":87},"10":{"loc":{"start":{"line":90,"column":24},"end":{"line":90,"column":54}},"type":"cond-expr","locations":[{"start":{"line":90,"column":43},"end":{"line":90,"column":47}},{"start":{"line":90,"column":50},"end":{"line":90,"column":54}}],"line":90}},"s":{"0":10,"1":92,"2":11,"3":10,"4":9,"5":1,"6":10,"7":92,"8":92,"9":52,"10":2,"11":36,"12":1,"13":1,"14":92,"15":92,"16":52,"17":39,"18":1,"19":92,"20":92,"21":64,"22":1,"23":27,"24":92,"25":10},"f":{"0":92,"1":11,"2":92,"3":92,"4":92},"b":{"0":[24],"1":[25],"2":[10,1],"3":[9,1],"4":[10,4],"5":[52,2,36,1,1],"6":[52,2,38,39,1],"7":[64,1,27],"8":[92,1],"9":[92,92],"10":[64,28]},"_coverageSchema":"1a1c01bbd47fc00a2c39e90264f33305004495a9","hash":"5027b95410cc95c402bb3011ff7a32dfbc278041"}
,"/Users/joshnaramojipally/ReactNative Projects/MindoulaDashBoard/src/components/atoms/AppIcon.tsx": {"path":"/Users/joshnaramojipally/ReactNative Projects/MindoulaDashBoard/src/components/atoms/AppIcon.tsx","statementMap":{"0":{"start":{"line":12,"column":47},"end":{"line":19,"column":1}},"1":{"start":{"line":18,"column":2},"end":{"line":18,"column":79}}},"fnMap":{"0":{"name":"(anonymous_0)","decl":{"start":{"line":12,"column":47},"end":{"line":12,"column":48}},"loc":{"start":{"line":17,"column":6},"end":{"line":19,"column":1}},"line":17}},"branchMap":{"0":{"loc":{"start":{"line":14,"column":2},"end":{"line":14,"column":11}},"type":"default-arg","locations":[{"start":{"line":14,"column":9},"end":{"line":14,"column":11}}],"line":14},"1":{"loc":{"start":{"line":15,"column":2},"end":{"line":15,"column":29}},"type":"default-arg","locations":[{"start":{"line":15,"column":10},"end":{"line":15,"column":29}}],"line":15}},"s":{"0":7,"1":32},"f":{"0":32},"b":{"0":[1],"1":[1]},"_coverageSchema":"1a1c01bbd47fc00a2c39e90264f33305004495a9","hash":"d20772a3b79d6029f0bb5c80a1aae0d5a5530d61"}
,"/Users/joshnaramojipally/ReactNative Projects/MindoulaDashBoard/src/components/atoms/AppText.tsx": {"path":"/Users/joshnaramojipally/ReactNative Projects/MindoulaDashBoard/src/components/atoms/AppText.tsx","statementMap":{"0":{"start":{"line":13,"column":47},"end":{"line":45,"column":1}},"1":{"start":{"line":22,"column":20},"end":{"line":22,"column":64}},"2":{"start":{"line":25,"column":19},"end":{"line":25,"column":48}},"3":{"start":{"line":26,"column":2},"end":{"line":30,"column":3}},"4":{"start":{"line":27,"column":4},"end":{"line":27,"column":44}},"5":{"start":{"line":28,"column":9},"end":{"line":30,"column":3}},"6":{"start":{"line":29,"column":4},"end":{"line":29,"column":46}},"7":{"start":{"line":32,"column":31},"end":{"line":38,"column":3}},"8":{"start":{"line":40,"column":2},"end":{"line":44,"column":4}}},"fnMap":{"0":{"name":"(anonymous_0)","decl":{"start":{"line":13,"column":47},"end":{"line":13,"column":48}},"loc":{"start":{"line":21,"column":6},"end":{"line":45,"column":1}},"line":21}},"branchMap":{"0":{"loc":{"start":{"line":14,"column":2},"end":{"line":14,"column":19}},"type":"default-arg","locations":[{"start":{"line":14,"column":12},"end":{"line":14,"column":19}}],"line":14},"1":{"loc":{"start":{"line":15,"column":2},"end":{"line":15,"column":29}},"type":"default-arg","locations":[{"start":{"line":15,"column":10},"end":{"line":15,"column":29}}],"line":15},"2":{"loc":{"start":{"line":16,"column":2},"end":{"line":16,"column":20}},"type":"default-arg","locations":[{"start":{"line":16,"column":11},"end":{"line":16,"column":20}}],"line":16},"3":{"loc":{"start":{"line":17,"column":2},"end":{"line":17,"column":16}},"type":"default-arg","locations":[{"start":{"line":17,"column":10},"end":{"line":17,"column":16}}],"line":17},"4":{"loc":{"start":{"line":22,"column":39},"end":{"line":22,"column":50}},"type":"binary-expr","locations":[{"start":{"line":22,"column":39},"end":{"line":22,"column":44}},{"start":{"line":22,"column":48},"end":{"line":22,"column":50}}],"line":22},"5":{"loc":{"start":{"line":26,"column":2},"end":{"line":30,"column":3}},"type":"if","locations":[{"start":{"line":26,"column":2},"end":{"line":30,"column":3}},{"start":{"line":28,"column":9},"end":{"line":30,"column":3}}],"line":26},"6":{"loc":{"start":{"line":26,"column":6},"end":{"line":26,"column":92}},"type":"binary-expr","locations":[{"start":{"line":26,"column":6},"end":{"line":26,"column":23}},{"start":{"line":26,"column":27},"end":{"line":26,"column":58}},{"start":{"line":26,"column":62},"end":{"line":26,"column":92}}],"line":26},"7":{"loc":{"start":{"line":28,"column":9},"end":{"line":30,"column":3}},"type":"if","locations":[{"start":{"line":28,"column":9},"end":{"line":30,"column":3}},{"start":{},"end":{}}],"line":28},"8":{"loc":{"start":{"line":28,"column":13},"end":{"line":28,"column":66}},"type":"binary-expr","locations":[{"start":{"line":28,"column":13},"end":{"line":28,"column":32}},{"start":{"line":28,"column":36},"end":{"line":28,"column":66}}],"line":28},"9":{"loc":{"start":{"line":37,"column":16},"end":{"line":37,"column":97}},"type":"binary-expr","locations":[{"start":{"line":37,"column":16},"end":{"line":37,"column":84}},{"start":{"line":37,"column":88},"end":{"line":37,"column":97}}],"line":37}},"s":{"0":26,"1":997,"2":997,"3":997,"4":157,"5":840,"6":428,"7":997,"8":997},"f":{"0":997},"b":{"0":[11],"1":[239],"2":[305],"3":[964],"4":[997,705],"5":[157,840],"6":[997,841,840],"7":[428,412],"8":[840,413],"9":[997,100]},"_coverageSchema":"1a1c01bbd47fc00a2c39e90264f33305004495a9","hash":"9fabeb56eab7abe61edd2f807d0649c046a1444a"}
,"/Users/joshnaramojipally/ReactNative Projects/MindoulaDashBoard/src/components/atoms/ResponsiveContainer.tsx": {"path":"/Users/joshnaramojipally/ReactNative Projects/MindoulaDashBoard/src/components/atoms/ResponsiveContainer.tsx","statementMap":{"0":{"start":{"line":13,"column":71},"end":{"line":36,"column":1}},"1":{"start":{"line":21,"column":22},"end":{"line":21,"column":37}},"2":{"start":{"line":23,"column":36},"end":{"line":29,"column":3}},"3":{"start":{"line":31,"column":2},"end":{"line":35,"column":4}}},"fnMap":{"0":{"name":"(anonymous_0)","decl":{"start":{"line":13,"column":71},"end":{"line":13,"column":72}},"loc":{"start":{"line":20,"column":6},"end":{"line":36,"column":1}},"line":20}},"branchMap":{"0":{"loc":{"start":{"line":14,"column":2},"end":{"line":14,"column":17}},"type":"default-arg","locations":[{"start":{"line":14,"column":13},"end":{"line":14,"column":17}}],"line":14},"1":{"loc":{"start":{"line":16,"column":2},"end":{"line":16,"column":16}},"type":"default-arg","locations":[{"start":{"line":16,"column":12},"end":{"line":16,"column":16}}],"line":16},"2":{"loc":{"start":{"line":17,"column":2},"end":{"line":17,"column":15}},"type":"default-arg","locations":[{"start":{"line":17,"column":10},"end":{"line":17,"column":15}}],"line":17},"3":{"loc":{"start":{"line":26,"column":23},"end":{"line":26,"column":51}},"type":"cond-expr","locations":[{"start":{"line":26,"column":31},"end":{"line":26,"column":32}},{"start":{"line":26,"column":35},"end":{"line":26,"column":51}}],"line":26},"4":{"loc":{"start":{"line":28,"column":14},"end":{"line":28,"column":44}},"type":"cond-expr","locations":[{"start":{"line":28,"column":24},"end":{"line":28,"column":33}},{"start":{"line":28,"column":36},"end":{"line":28,"column":44}}],"line":28}},"s":{"0":9,"1":55,"2":55,"3":55},"f":{"0":55},"b":{"0":[55],"1":[44],"2":[44],"3":[5,50],"4":[12,43]},"_coverageSchema":"1a1c01bbd47fc00a2c39e90264f33305004495a9","hash":"5d3fb06f35c365b654c73bfaf8d07dfd994ff084"}
,"/Users/joshnaramojipally/ReactNative Projects/MindoulaDashBoard/src/components/molecules/MenuListItem.tsx": {"path":"/Users/joshnaramojipally/ReactNative Projects/MindoulaDashBoard/src/components/molecules/MenuListItem.tsx","statementMap":{"0":{"start":{"line":14,"column":20},"end":{"line":31,"column":1}},"1":{"start":{"line":15,"column":2},"end":{"line":30,"column":3}},"2":{"start":{"line":17,"column":6},"end":{"line":17,"column":20}},"3":{"start":{"line":19,"column":6},"end":{"line":19,"column":28}},"4":{"start":{"line":21,"column":6},"end":{"line":21,"column":30}},"5":{"start":{"line":23,"column":6},"end":{"line":23,"column":32}},"6":{"start":{"line":25,"column":6},"end":{"line":25,"column":23}},"7":{"start":{"line":27,"column":6},"end":{"line":27,"column":27}},"8":{"start":{"line":29,"column":6},"end":{"line":29,"column":26}},"9":{"start":{"line":33,"column":57},"end":{"line":57,"column":1}},"10":{"start":{"line":34,"column":2},"end":{"line":56,"column":4}},"11":{"start":{"line":59,"column":15},"end":{"line":86,"column":2}}},"fnMap":{"0":{"name":"(anonymous_0)","decl":{"start":{"line":14,"column":20},"end":{"line":14,"column":21}},"loc":{"start":{"line":14,"column":44},"end":{"line":31,"column":1}},"line":14},"1":{"name":"(anonymous_1)","decl":{"start":{"line":33,"column":57},"end":{"line":33,"column":58}},"loc":{"start":{"line":33,"column":99},"end":{"line":57,"column":1}},"line":33}},"branchMap":{"0":{"loc":{"start":{"line":15,"column":2},"end":{"line":30,"column":3}},"type":"switch","locations":[{"start":{"line":16,"column":4},"end":{"line":17,"column":20}},{"start":{"line":18,"column":4},"end":{"line":19,"column":28}},{"start":{"line":20,"column":4},"end":{"line":21,"column":30}},{"start":{"line":22,"column":4},"end":{"line":23,"column":32}},{"start":{"line":24,"column":4},"end":{"line":25,"column":23}},{"start":{"line":26,"column":4},"end":{"line":27,"column":27}},{"start":{"line":28,"column":4},"end":{"line":29,"column":26}}],"line":15},"1":{"loc":{"start":{"line":33,"column":67},"end":{"line":33,"column":83}},"type":"default-arg","locations":[{"start":{"line":33,"column":78},"end":{"line":33,"column":83}}],"line":33},"2":{"loc":{"start":{"line":36,"column":32},"end":{"line":36,"column":66}},"type":"binary-expr","locations":[{"start":{"line":36,"column":32},"end":{"line":36,"column":40}},{"start":{"line":36,"column":44},"end":{"line":36,"column":66}}],"line":36},"3":{"loc":{"start":{"line":40,"column":39},"end":{"line":40,"column":74}},"type":"binary-expr","locations":[{"start":{"line":40,"column":39},"end":{"line":40,"column":47}},{"start":{"line":40,"column":51},"end":{"line":40,"column":74}}],"line":40},"4":{"loc":{"start":{"line":44,"column":17},"end":{"line":44,"column":57}},"type":"cond-expr","locations":[{"start":{"line":44,"column":28},"end":{"line":44,"column":40}},{"start":{"line":44,"column":43},"end":{"line":44,"column":57}}],"line":44},"5":{"loc":{"start":{"line":49,"column":16},"end":{"line":49,"column":47}},"type":"cond-expr","locations":[{"start":{"line":49,"column":27},"end":{"line":49,"column":35}},{"start":{"line":49,"column":38},"end":{"line":49,"column":47}}],"line":49},"6":{"loc":{"start":{"line":50,"column":15},"end":{"line":50,"column":64}},"type":"cond-expr","locations":[{"start":{"line":50,"column":26},"end":{"line":50,"column":40}},{"start":{"line":50,"column":43},"end":{"line":50,"column":64}}],"line":50}},"s":{"0":1,"1":11,"2":5,"3":1,"4":1,"5":1,"6":1,"7":1,"8":1,"9":1,"10":11,"11":1},"f":{"0":11,"1":11},"b":{"0":[5,1,1,1,1,1,1],"1":[10],"2":[11,1],"3":[11,1],"4":[1,10],"5":[1,10],"6":[1,10]},"_coverageSchema":"1a1c01bbd47fc00a2c39e90264f33305004495a9","hash":"5730738dc75661554b2f460b6d39fdd057cce7af"}
,"/Users/joshnaramojipally/ReactNative Projects/MindoulaDashBoard/src/components/organisms/ActionCard.tsx": {"path":"/Users/joshnaramojipally/ReactNative Projects/MindoulaDashBoard/src/components/organisms/ActionCard.tsx","statementMap":{"0":{"start":{"line":13,"column":53},"end":{"line":24,"column":1}},"1":{"start":{"line":14,"column":2},"end":{"line":23,"column":4}},"2":{"start":{"line":26,"column":15},"end":{"line":50,"column":2}}},"fnMap":{"0":{"name":"(anonymous_0)","decl":{"start":{"line":13,"column":53},"end":{"line":13,"column":54}},"loc":{"start":{"line":13,"column":77},"end":{"line":24,"column":1}},"line":13}},"branchMap":{},"s":{"0":1,"1":2,"2":1},"f":{"0":2},"b":{},"_coverageSchema":"1a1c01bbd47fc00a2c39e90264f33305004495a9","hash":"e34c1341a1bc08c227fd291a33203418662bc246"}
,"/Users/joshnaramojipally/ReactNative Projects/MindoulaDashBoard/src/components/organisms/AppointmentCard.tsx": {"path":"/Users/joshnaramojipally/ReactNative Projects/MindoulaDashBoard/src/components/organisms/AppointmentCard.tsx","statementMap":{"0":{"start":{"line":17,"column":63},"end":{"line":51,"column":1}},"1":{"start":{"line":24,"column":2},"end":{"line":50,"column":4}},"2":{"start":{"line":53,"column":15},"end":{"line":89,"column":2}}},"fnMap":{"0":{"name":"(anonymous_0)","decl":{"start":{"line":17,"column":63},"end":{"line":17,"column":64}},"loc":{"start":{"line":23,"column":6},"end":{"line":51,"column":1}},"line":23}},"branchMap":{},"s":{"0":1,"1":2,"2":1},"f":{"0":2},"b":{},"_coverageSchema":"1a1c01bbd47fc00a2c39e90264f33305004495a9","hash":"5fd3467fc769827804099a8acd2ffe42080f2d63"}
,"/Users/joshnaramojipally/ReactNative Projects/MindoulaDashBoard/src/components/organisms/DashboardHeader.tsx": {"path":"/Users/joshnaramojipally/ReactNative Projects/MindoulaDashBoard/src/components/organisms/DashboardHeader.tsx","statementMap":{"0":{"start":{"line":14,"column":63},"end":{"line":41,"column":1}},"1":{"start":{"line":19,"column":2},"end":{"line":40,"column":4}},"2":{"start":{"line":43,"column":15},"end":{"line":72,"column":2}}},"fnMap":{"0":{"name":"(anonymous_0)","decl":{"start":{"line":14,"column":63},"end":{"line":14,"column":64}},"loc":{"start":{"line":18,"column":6},"end":{"line":41,"column":1}},"line":18}},"branchMap":{},"s":{"0":1,"1":2,"2":1},"f":{"0":2},"b":{},"_coverageSchema":"1a1c01bbd47fc00a2c39e90264f33305004495a9","hash":"c8da1c89d8aa10bdf8707e2c531293fb7c2683eb"}
,"/Users/joshnaramojipally/ReactNative Projects/MindoulaDashBoard/src/core/constants/AppConstants.ts": {"path":"/Users/joshnaramojipally/ReactNative Projects/MindoulaDashBoard/src/core/constants/AppConstants.ts","statementMap":{"0":{"start":{"line":1,"column":28},"end":{"line":26,"column":1}}},"fnMap":{},"branchMap":{},"s":{"0":6},"f":{},"b":{},"_coverageSchema":"1a1c01bbd47fc00a2c39e90264f33305004495a9","hash":"2b417ee60edf3f519215341e81bc9dc31dc49e23"}
,"/Users/joshnaramojipally/ReactNative Projects/MindoulaDashBoard/src/core/constants/strings.ts": {"path":"/Users/joshnaramojipally/ReactNative Projects/MindoulaDashBoard/src/core/constants/strings.ts","statementMap":{"0":{"start":{"line":1,"column":23},"end":{"line":26,"column":1}}},"fnMap":{},"branchMap":{},"s":{"0":1},"f":{},"b":{},"_coverageSchema":"1a1c01bbd47fc00a2c39e90264f33305004495a9","hash":"8d5bcc003646cb5b851312b579d58da7fd748c15"}
,"/Users/joshnaramojipally/ReactNative Projects/MindoulaDashBoard/src/core/navigation/CustomDrawerContent.tsx": {"path":"/Users/joshnaramojipally/ReactNative Projects/MindoulaDashBoard/src/core/navigation/CustomDrawerContent.tsx","statementMap":{"0":{"start":{"line":11,"column":35},"end":{"line":128,"column":1}},"1":{"start":{"line":12,"column":32},"end":{"line":12,"column":37}},"2":{"start":{"line":13,"column":27},"end":{"line":13,"column":56}},"3":{"start":{"line":15,"column":25},"end":{"line":17,"column":3}},"4":{"start":{"line":16,"column":4},"end":{"line":16,"column":35}},"5":{"start":{"line":19,"column":2},"end":{"line":127,"column":4}},"6":{"start":{"line":46,"column":25},"end":{"line":46,"column":71}},"7":{"start":{"line":52,"column":25},"end":{"line":52,"column":70}},"8":{"start":{"line":59,"column":25},"end":{"line":59,"column":74}},"9":{"start":{"line":71,"column":25},"end":{"line":71,"column":75}},"10":{"start":{"line":77,"column":25},"end":{"line":77,"column":72}},"11":{"start":{"line":83,"column":25},"end":{"line":83,"column":76}},"12":{"start":{"line":89,"column":25},"end":{"line":89,"column":71}},"13":{"start":{"line":101,"column":25},"end":{"line":101,"column":71}},"14":{"start":{"line":107,"column":25},"end":{"line":107,"column":69}},"15":{"start":{"line":113,"column":25},"end":{"line":113,"column":69}},"16":{"start":{"line":130,"column":19},"end":{"line":151,"column":1}},"17":{"start":{"line":131,"column":2},"end":{"line":150,"column":21}},"18":{"start":{"line":153,"column":15},"end":{"line":235,"column":2}}},"fnMap":{"0":{"name":"(anonymous_0)","decl":{"start":{"line":11,"column":35},"end":{"line":11,"column":36}},"loc":{"start":{"line":11,"column":75},"end":{"line":128,"column":1}},"line":11},"1":{"name":"(anonymous_1)","decl":{"start":{"line":15,"column":25},"end":{"line":15,"column":26}},"loc":{"start":{"line":15,"column":48},"end":{"line":17,"column":3}},"line":15},"2":{"name":"(anonymous_2)","decl":{"start":{"line":46,"column":19},"end":{"line":46,"column":20}},"loc":{"start":{"line":46,"column":25},"end":{"line":46,"column":71}},"line":46},"3":{"name":"(anonymous_3)","decl":{"start":{"line":52,"column":19},"end":{"line":52,"column":20}},"loc":{"start":{"line":52,"column":25},"end":{"line":52,"column":70}},"line":52},"4":{"name":"(anonymous_4)","decl":{"start":{"line":59,"column":19},"end":{"line":59,"column":20}},"loc":{"start":{"line":59,"column":25},"end":{"line":59,"column":74}},"line":59},"5":{"name":"(anonymous_5)","decl":{"start":{"line":71,"column":19},"end":{"line":71,"column":20}},"loc":{"start":{"line":71,"column":25},"end":{"line":71,"column":75}},"line":71},"6":{"name":"(anonymous_6)","decl":{"start":{"line":77,"column":19},"end":{"line":77,"column":20}},"loc":{"start":{"line":77,"column":25},"end":{"line":77,"column":72}},"line":77},"7":{"name":"(anonymous_7)","decl":{"start":{"line":83,"column":19},"end":{"line":83,"column":20}},"loc":{"start":{"line":83,"column":25},"end":{"line":83,"column":76}},"line":83},"8":{"name":"(anonymous_8)","decl":{"start":{"line":89,"column":19},"end":{"line":89,"column":20}},"loc":{"start":{"line":89,"column":25},"end":{"line":89,"column":71}},"line":89},"9":{"name":"(anonymous_9)","decl":{"start":{"line":101,"column":19},"end":{"line":101,"column":20}},"loc":{"start":{"line":101,"column":25},"end":{"line":101,"column":71}},"line":101},"10":{"name":"(anonymous_10)","decl":{"start":{"line":107,"column":19},"end":{"line":107,"column":20}},"loc":{"start":{"line":107,"column":25},"end":{"line":107,"column":69}},"line":107},"11":{"name":"(anonymous_11)","decl":{"start":{"line":113,"column":19},"end":{"line":113,"column":20}},"loc":{"start":{"line":113,"column":25},"end":{"line":113,"column":69}},"line":113},"12":{"name":"(anonymous_12)","decl":{"start":{"line":130,"column":19},"end":{"line":130,"column":20}},"loc":{"start":{"line":131,"column":2},"end":{"line":150,"column":21}},"line":131}},"branchMap":{"0":{"loc":{"start":{"line":131,"column":65},"end":{"line":131,"column":94}},"type":"binary-expr","locations":[{"start":{"line":131,"column":65},"end":{"line":131,"column":73}},{"start":{"line":131,"column":77},"end":{"line":131,"column":94}}],"line":131},"1":{"loc":{"start":{"line":133,"column":44},"end":{"line":133,"column":89}},"type":"cond-expr","locations":[{"start":{"line":133,"column":55},"end":{"line":133,"column":69}},{"start":{"line":133,"column":72},"end":{"line":133,"column":89}}],"line":133},"2":{"loc":{"start":{"line":136,"column":16},"end":{"line":136,"column":47}},"type":"cond-expr","locations":[{"start":{"line":136,"column":27},"end":{"line":136,"column":35}},{"start":{"line":136,"column":38},"end":{"line":136,"column":47}}],"line":136},"3":{"loc":{"start":{"line":137,"column":15},"end":{"line":137,"column":62}},"type":"cond-expr","locations":[{"start":{"line":137,"column":26},"end":{"line":137,"column":40}},{"start":{"line":137,"column":43},"end":{"line":137,"column":62}}],"line":137},"4":{"loc":{"start":{"line":143,"column":5},"end":{"line":149,"column":5}},"type":"binary-expr","locations":[{"start":{"line":143,"column":5},"end":{"line":143,"column":15}},{"start":{"line":144,"column":6},"end":{"line":148,"column":13}}],"line":143}},"s":{"0":1,"1":1,"2":1,"3":1,"4":10,"5":1,"6":1,"7":1,"8":1,"9":1,"10":1,"11":1,"12":1,"13":1,"14":1,"15":1,"16":1,"17":10,"18":1},"f":{"0":1,"1":10,"2":1,"3":1,"4":1,"5":1,"6":1,"7":1,"8":1,"9":1,"10":1,"11":1,"12":10},"b":{"0":[10,1],"1":[1,9],"2":[1,9],"3":[1,9],"4":[10,1]},"_coverageSchema":"1a1c01bbd47fc00a2c39e90264f33305004495a9","hash":"164d9017c6e3c07af4e796ead20d6a5b57143217"}
,"/Users/joshnaramojipally/ReactNative Projects/MindoulaDashBoard/src/core/navigation/MainDrawerNavigator.tsx": {"path":"/Users/joshnaramojipally/ReactNative Projects/MindoulaDashBoard/src/core/navigation/MainDrawerNavigator.tsx","statementMap":{"0":{"start":{"line":19,"column":15},"end":{"line":19,"column":38}},"1":{"start":{"line":21,"column":35},"end":{"line":45,"column":1}},"2":{"start":{"line":22,"column":2},"end":{"line":44,"column":4}}},"fnMap":{"0":{"name":"(anonymous_0)","decl":{"start":{"line":21,"column":35},"end":{"line":21,"column":36}},"loc":{"start":{"line":21,"column":41},"end":{"line":45,"column":1}},"line":21}},"branchMap":{},"s":{"0":1,"1":1,"2":1},"f":{"0":1},"b":{},"_coverageSchema":"1a1c01bbd47fc00a2c39e90264f33305004495a9","hash":"90c3308153f27fbe44432393e27e8554356da44b"}
,"/Users/joshnaramojipally/ReactNative Projects/MindoulaDashBoard/src/core/navigation/RootNavigator.tsx": {"path":"/Users/joshnaramojipally/ReactNative Projects/MindoulaDashBoard/src/core/navigation/RootNavigator.tsx","statementMap":{"0":{"start":{"line":23,"column":14},"end":{"line":23,"column":62}},"1":{"start":{"line":25,"column":29},"end":{"line":65,"column":1}},"2":{"start":{"line":26,"column":22},"end":{"line":26,"column":37}},"3":{"start":{"line":28,"column":2},"end":{"line":64,"column":4}}},"fnMap":{"0":{"name":"(anonymous_0)","decl":{"start":{"line":25,"column":29},"end":{"line":25,"column":30}},"loc":{"start":{"line":25,"column":35},"end":{"line":65,"column":1}},"line":25}},"branchMap":{"0":{"loc":{"start":{"line":31,"column":26},"end":{"line":31,"column":84}},"type":"cond-expr","locations":[{"start":{"line":31,"column":37},"end":{"line":31,"column":50}},{"start":{"line":31,"column":54},"end":{"line":31,"column":84}}],"line":31},"1":{"loc":{"start":{"line":34,"column":9},"end":{"line":57,"column":9}},"type":"cond-expr","locations":[{"start":{"line":36,"column":10},"end":{"line":36,"column":79}},{"start":{"line":39,"column":10},"end":{"line":56,"column":13}}],"line":34}},"s":{"0":1,"1":1,"2":2,"3":2},"f":{"0":2},"b":{"0":[1,1],"1":[1,1]},"_coverageSchema":"1a1c01bbd47fc00a2c39e90264f33305004495a9","hash":"5727eb094aabe583f686414aa1caffb5deec08fb"}
,"/Users/joshnaramojipally/ReactNative Projects/MindoulaDashBoard/src/core/navigation/types.ts": {"path":"/Users/joshnaramojipally/ReactNative Projects/MindoulaDashBoard/src/core/navigation/types.ts","statementMap":{},"fnMap":{},"branchMap":{},"s":{},"f":{},"b":{}}
,"/Users/joshnaramojipally/ReactNative Projects/MindoulaDashBoard/src/core/services/apiService.ts": {"path":"/Users/joshnaramojipally/ReactNative Projects/MindoulaDashBoard/src/core/services/apiService.ts","statementMap":{"0":{"start":{"line":9,"column":26},"end":{"line":51,"column":1}},"1":{"start":{"line":11,"column":4},"end":{"line":37,"column":5}},"2":{"start":{"line":12,"column":23},"end":{"line":18,"column":8}},"3":{"start":{"line":20,"column":19},"end":{"line":20,"column":40}},"4":{"start":{"line":22,"column":6},"end":{"line":24,"column":7}},"5":{"start":{"line":23,"column":8},"end":{"line":23,"column":71}},"6":{"start":{"line":26,"column":6},"end":{"line":30,"column":8}},"7":{"start":{"line":32,"column":6},"end":{"line":36,"column":8}},"8":{"start":{"line":41,"column":4},"end":{"line":41,"column":67}},"9":{"start":{"line":45,"column":4},"end":{"line":49,"column":7}}},"fnMap":{"0":{"name":"(anonymous_0)","decl":{"start":{"line":10,"column":9},"end":{"line":10,"column":10}},"loc":{"start":{"line":10,"column":83},"end":{"line":38,"column":3}},"line":10},"1":{"name":"(anonymous_1)","decl":{"start":{"line":40,"column":7},"end":{"line":40,"column":8}},"loc":{"start":{"line":40,"column":50},"end":{"line":42,"column":3}},"line":40},"2":{"name":"(anonymous_2)","decl":{"start":{"line":44,"column":8},"end":{"line":44,"column":9}},"loc":{"start":{"line":44,"column":89},"end":{"line":50,"column":3}},"line":44}},"branchMap":{"0":{"loc":{"start":{"line":22,"column":6},"end":{"line":24,"column":7}},"type":"if","locations":[{"start":{"line":22,"column":6},"end":{"line":24,"column":7}},{"start":{},"end":{}}],"line":22},"1":{"loc":{"start":{"line":23,"column":24},"end":{"line":23,"column":69}},"type":"binary-expr","locations":[{"start":{"line":23,"column":24},"end":{"line":23,"column":36}},{"start":{"line":23,"column":40},"end":{"line":23,"column":69}}],"line":23},"2":{"loc":{"start":{"line":34,"column":15},"end":{"line":34,"column":54}},"type":"binary-expr","locations":[{"start":{"line":34,"column":15},"end":{"line":34,"column":28}},{"start":{"line":34,"column":32},"end":{"line":34,"column":54}}],"line":34}},"s":{"0":1,"1":7,"2":7,"3":5,"4":5,"5":2,"6":3,"7":4,"8":1,"9":1},"f":{"0":7,"1":1,"2":1},"b":{"0":[2,3],"1":[2,1],"2":[4,1]},"_coverageSchema":"1a1c01bbd47fc00a2c39e90264f33305004495a9","hash":"0eba619dd095d163220a6ecf0b55e17279083a5a"}
,"/Users/joshnaramojipally/ReactNative Projects/MindoulaDashBoard/src/core/utils/haptics.ts": {"path":"/Users/joshnaramojipally/ReactNative Projects/MindoulaDashBoard/src/core/utils/haptics.ts","statementMap":{"0":{"start":{"line":4,"column":27},"end":{"line":8,"column":1}},"1":{"start":{"line":5,"column":2},"end":{"line":7,"column":3}},"2":{"start":{"line":6,"column":4},"end":{"line":6,"column":65}},"3":{"start":{"line":10,"column":28},"end":{"line":14,"column":1}},"4":{"start":{"line":11,"column":2},"end":{"line":13,"column":3}},"5":{"start":{"line":12,"column":4},"end":{"line":12,"column":66}},"6":{"start":{"line":16,"column":25},"end":{"line":20,"column":1}},"7":{"start":{"line":17,"column":2},"end":{"line":19,"column":3}},"8":{"start":{"line":18,"column":4},"end":{"line":18,"column":35}},"9":{"start":{"line":22,"column":23},"end":{"line":26,"column":1}},"10":{"start":{"line":23,"column":2},"end":{"line":25,"column":3}},"11":{"start":{"line":24,"column":4},"end":{"line":24,"column":78}}},"fnMap":{"0":{"name":"(anonymous_0)","decl":{"start":{"line":4,"column":27},"end":{"line":4,"column":28}},"loc":{"start":{"line":4,"column":39},"end":{"line":8,"column":1}},"line":4},"1":{"name":"(anonymous_1)","decl":{"start":{"line":10,"column":28},"end":{"line":10,"column":29}},"loc":{"start":{"line":10,"column":40},"end":{"line":14,"column":1}},"line":10},"2":{"name":"(anonymous_2)","decl":{"start":{"line":16,"column":25},"end":{"line":16,"column":26}},"loc":{"start":{"line":16,"column":37},"end":{"line":20,"column":1}},"line":16},"3":{"name":"(anonymous_3)","decl":{"start":{"line":22,"column":23},"end":{"line":22,"column":24}},"loc":{"start":{"line":22,"column":35},"end":{"line":26,"column":1}},"line":22}},"branchMap":{"0":{"loc":{"start":{"line":5,"column":2},"end":{"line":7,"column":3}},"type":"if","locations":[{"start":{"line":5,"column":2},"end":{"line":7,"column":3}},{"start":{},"end":{}}],"line":5},"1":{"loc":{"start":{"line":11,"column":2},"end":{"line":13,"column":3}},"type":"if","locations":[{"start":{"line":11,"column":2},"end":{"line":13,"column":3}},{"start":{},"end":{}}],"line":11},"2":{"loc":{"start":{"line":17,"column":2},"end":{"line":19,"column":3}},"type":"if","locations":[{"start":{"line":17,"column":2},"end":{"line":19,"column":3}},{"start":{},"end":{}}],"line":17},"3":{"loc":{"start":{"line":23,"column":2},"end":{"line":25,"column":3}},"type":"if","locations":[{"start":{"line":23,"column":2},"end":{"line":25,"column":3}},{"start":{},"end":{}}],"line":23}},"s":{"0":10,"1":2,"2":1,"3":10,"4":10,"5":9,"6":10,"7":2,"8":1,"9":10,"10":2,"11":1},"f":{"0":2,"1":10,"2":2,"3":2},"b":{"0":[1,1],"1":[9,1],"2":[1,1],"3":[1,1]},"_coverageSchema":"1a1c01bbd47fc00a2c39e90264f33305004495a9","hash":"c4826647b90747342a8da81fa4e6e3d7b27b9019"}
,"/Users/joshnaramojipally/ReactNative Projects/MindoulaDashBoard/src/core/utils/layout.ts": {"path":"/Users/joshnaramojipally/ReactNative Projects/MindoulaDashBoard/src/core/utils/layout.ts","statementMap":{"0":{"start":{"line":6,"column":28},"end":{"line":6,"column":29}},"1":{"start":{"line":7,"column":28},"end":{"line":7,"column":31}},"2":{"start":{"line":15,"column":27},"end":{"line":18,"column":2}},"3":{"start":{"line":15,"column":98},"end":{"line":18,"column":1}}},"fnMap":{"0":{"name":"(anonymous_0)","decl":{"start":{"line":15,"column":27},"end":{"line":15,"column":28}},"loc":{"start":{"line":15,"column":98},"end":{"line":18,"column":1}},"line":15}},"branchMap":{"0":{"loc":{"start":{"line":15,"column":50},"end":{"line":15,"column":70}},"type":"default-arg","locations":[{"start":{"line":15,"column":58},"end":{"line":15,"column":70}}],"line":15},"1":{"loc":{"start":{"line":15,"column":72},"end":{"line":15,"column":92}},"type":"default-arg","locations":[{"start":{"line":15,"column":80},"end":{"line":15,"column":92}}],"line":15}},"s":{"0":1,"1":1,"2":1,"3":2},"f":{"0":2},"b":{"0":[1],"1":[1]},"_coverageSchema":"1a1c01bbd47fc00a2c39e90264f33305004495a9","hash":"2520881fec0b29a6061f2017a37a05bdec19c87a"}
,"/Users/joshnaramojipally/ReactNative Projects/MindoulaDashBoard/src/core/utils/useResponsive.ts": {"path":"/Users/joshnaramojipally/ReactNative Projects/MindoulaDashBoard/src/core/utils/useResponsive.ts","statementMap":{"0":{"start":{"line":5,"column":29},"end":{"line":43,"column":1}},"1":{"start":{"line":6,"column":50},"end":{"line":6,"column":96}},"2":{"start":{"line":8,"column":2},"end":{"line":13,"column":9}},"3":{"start":{"line":9,"column":25},"end":{"line":11,"column":6}},"4":{"start":{"line":10,"column":6},"end":{"line":10,"column":34}},"5":{"start":{"line":12,"column":4},"end":{"line":12,"column":40}},"6":{"start":{"line":12,"column":17},"end":{"line":12,"column":39}},"7":{"start":{"line":15,"column":28},"end":{"line":15,"column":44}},"8":{"start":{"line":16,"column":33},"end":{"line":16,"column":53}},"9":{"start":{"line":18,"column":18},"end":{"line":18,"column":40}},"10":{"start":{"line":19,"column":19},"end":{"line":19,"column":42}},"11":{"start":{"line":20,"column":20},"end":{"line":20,"column":44}},"12":{"start":{"line":21,"column":19},"end":{"line":21,"column":38}},"13":{"start":{"line":27,"column":26},"end":{"line":31,"column":3}},"14":{"start":{"line":28,"column":4},"end":{"line":28,"column":67}},"15":{"start":{"line":28,"column":47},"end":{"line":28,"column":67}},"16":{"start":{"line":29,"column":4},"end":{"line":29,"column":70}},"17":{"start":{"line":29,"column":49},"end":{"line":29,"column":70}},"18":{"start":{"line":30,"column":4},"end":{"line":30,"column":26}},"19":{"start":{"line":33,"column":2},"end":{"line":42,"column":4}}},"fnMap":{"0":{"name":"(anonymous_0)","decl":{"start":{"line":5,"column":29},"end":{"line":5,"column":30}},"loc":{"start":{"line":5,"column":35},"end":{"line":43,"column":1}},"line":5},"1":{"name":"(anonymous_1)","decl":{"start":{"line":8,"column":12},"end":{"line":8,"column":13}},"loc":{"start":{"line":8,"column":18},"end":{"line":13,"column":3}},"line":8},"2":{"name":"(anonymous_2)","decl":{"start":{"line":9,"column":63},"end":{"line":9,"column":64}},"loc":{"start":{"line":9,"column":79},"end":{"line":11,"column":5}},"line":9},"3":{"name":"(anonymous_3)","decl":{"start":{"line":12,"column":11},"end":{"line":12,"column":12}},"loc":{"start":{"line":12,"column":17},"end":{"line":12,"column":39}},"line":12},"4":{"name":"(anonymous_4)","decl":{"start":{"line":27,"column":26},"end":{"line":27,"column":27}},"loc":{"start":{"line":27,"column":83},"end":{"line":31,"column":3}},"line":27}},"branchMap":{"0":{"loc":{"start":{"line":21,"column":19},"end":{"line":21,"column":38}},"type":"binary-expr","locations":[{"start":{"line":21,"column":19},"end":{"line":21,"column":26}},{"start":{"line":21,"column":30},"end":{"line":21,"column":38}}],"line":21},"1":{"loc":{"start":{"line":28,"column":4},"end":{"line":28,"column":67}},"type":"if","locations":[{"start":{"line":28,"column":4},"end":{"line":28,"column":67}},{"start":{},"end":{}}],"line":28},"2":{"loc":{"start":{"line":28,"column":8},"end":{"line":28,"column":45}},"type":"binary-expr","locations":[{"start":{"line":28,"column":8},"end":{"line":28,"column":15}},{"start":{"line":28,"column":19},"end":{"line":28,"column":45}}],"line":28},"3":{"loc":{"start":{"line":29,"column":4},"end":{"line":29,"column":70}},"type":"if","locations":[{"start":{"line":29,"column":4},"end":{"line":29,"column":70}},{"start":{},"end":{}}],"line":29},"4":{"loc":{"start":{"line":29,"column":8},"end":{"line":29,"column":47}},"type":"binary-expr","locations":[{"start":{"line":29,"column":8},"end":{"line":29,"column":16}},{"start":{"line":29,"column":20},"end":{"line":29,"column":47}}],"line":29}},"s":{"0":2,"1":35,"2":35,"3":32,"4":1,"5":32,"6":32,"7":35,"8":35,"9":35,"10":35,"11":35,"12":35,"13":35,"14":4,"15":1,"16":3,"17":1,"18":2,"19":35},"f":{"0":35,"1":32,"2":1,"3":32,"4":4},"b":{"0":[35,30],"1":[1,3],"2":[4,2],"3":[1,2],"4":[3,1]},"_coverageSchema":"1a1c01bbd47fc00a2c39e90264f33305004495a9","hash":"af771b53f64fad216729aa6eb59154954bf08163"}
,"/Users/joshnaramojipally/ReactNative Projects/MindoulaDashBoard/src/data/models/DashboardModel.ts": {"path":"/Users/joshnaramojipally/ReactNative Projects/MindoulaDashBoard/src/data/models/DashboardModel.ts","statementMap":{},"fnMap":{},"branchMap":{},"s":{},"f":{},"b":{}}
,"/Users/joshnaramojipally/ReactNative Projects/MindoulaDashBoard/src/data/models/DomainModels.ts": {"path":"/Users/joshnaramojipally/ReactNative Projects/MindoulaDashBoard/src/data/models/DomainModels.ts","statementMap":{},"fnMap":{},"branchMap":{},"s":{},"f":{},"b":{}}
,"/Users/joshnaramojipally/ReactNative Projects/MindoulaDashBoard/src/data/repositories/DashboardRepository.ts": {"path":"/Users/joshnaramojipally/ReactNative Projects/MindoulaDashBoard/src/data/repositories/DashboardRepository.ts","statementMap":{"0":{"start":{"line":4,"column":35},"end":{"line":19,"column":1}},"1":{"start":{"line":7,"column":4},"end":{"line":7,"column":61}},"2":{"start":{"line":7,"column":35},"end":{"line":7,"column":59}},"3":{"start":{"line":9,"column":4},"end":{"line":9,"column":42}},"4":{"start":{"line":17,"column":4},"end":{"line":17,"column":16}}},"fnMap":{"0":{"name":"(anonymous_0)","decl":{"start":{"line":5,"column":20},"end":{"line":5,"column":21}},"loc":{"start":{"line":5,"column":56},"end":{"line":10,"column":3}},"line":5},"1":{"name":"(anonymous_1)","decl":{"start":{"line":7,"column":22},"end":{"line":7,"column":23}},"loc":{"start":{"line":7,"column":35},"end":{"line":7,"column":59}},"line":7},"2":{"name":"(anonymous_2)","decl":{"start":{"line":13,"column":27},"end":{"line":13,"column":28}},"loc":{"start":{"line":13,"column":70},"end":{"line":18,"column":3}},"line":13}},"branchMap":{},"s":{"0":1,"1":1,"2":1,"3":1,"4":1},"f":{"0":1,"1":1,"2":1},"b":{},"_coverageSchema":"1a1c01bbd47fc00a2c39e90264f33305004495a9","hash":"fff779584bf0e5e366d841daf30425ec73ddc1c3"}
,"/Users/joshnaramojipally/ReactNative Projects/MindoulaDashBoard/src/presentation/components/MemberPortalLayout.tsx": {"path":"/Users/joshnaramojipally/ReactNative Projects/MindoulaDashBoard/src/presentation/components/MemberPortalLayout.tsx","statementMap":{"0":{"start":{"line":27,"column":44},"end":{"line":136,"column":1}},"1":{"start":{"line":34,"column":21},"end":{"line":34,"column":41}},"2":{"start":{"line":35,"column":17},"end":{"line":35,"column":36}},"3":{"start":{"line":36,"column":44},"end":{"line":36,"column":59}},"4":{"start":{"line":39,"column":28},"end":{"line":39,"column":52}},"5":{"start":{"line":40,"column":25},"end":{"line":40,"column":45}},"6":{"start":{"line":42,"column":2},"end":{"line":135,"column":4}},"7":{"start":{"line":50,"column":31},"end":{"line":50,"column":80}},"8":{"start":{"line":70,"column":33},"end":{"line":70,"column":84}},"9":{"start":{"line":75,"column":33},"end":{"line":75,"column":83}},"10":{"start":{"line":84,"column":33},"end":{"line":84,"column":88}},"11":{"start":{"line":95,"column":33},"end":{"line":95,"column":82}},"12":{"start":{"line":99,"column":33},"end":{"line":99,"column":82}},"13":{"start":{"line":138,"column":16},"end":{"line":153,"column":1}},"14":{"start":{"line":139,"column":20},"end":{"line":139,"column":92}},"15":{"start":{"line":141,"column":2},"end":{"line":152,"column":4}},"16":{"start":{"line":155,"column":15},"end":{"line":229,"column":2}}},"fnMap":{"0":{"name":"(anonymous_0)","decl":{"start":{"line":27,"column":44},"end":{"line":27,"column":45}},"loc":{"start":{"line":33,"column":6},"end":{"line":136,"column":1}},"line":33},"1":{"name":"(anonymous_1)","decl":{"start":{"line":50,"column":25},"end":{"line":50,"column":26}},"loc":{"start":{"line":50,"column":31},"end":{"line":50,"column":80}},"line":50},"2":{"name":"(anonymous_2)","decl":{"start":{"line":70,"column":27},"end":{"line":70,"column":28}},"loc":{"start":{"line":70,"column":33},"end":{"line":70,"column":84}},"line":70},"3":{"name":"(anonymous_3)","decl":{"start":{"line":75,"column":27},"end":{"line":75,"column":28}},"loc":{"start":{"line":75,"column":33},"end":{"line":75,"column":83}},"line":75},"4":{"name":"(anonymous_4)","decl":{"start":{"line":78,"column":55},"end":{"line":78,"column":56}},"loc":{"start":{"line":78,"column":61},"end":{"line":78,"column":63}},"line":78},"5":{"name":"(anonymous_5)","decl":{"start":{"line":84,"column":27},"end":{"line":84,"column":28}},"loc":{"start":{"line":84,"column":33},"end":{"line":84,"column":88}},"line":84},"6":{"name":"(anonymous_6)","decl":{"start":{"line":86,"column":54},"end":{"line":86,"column":55}},"loc":{"start":{"line":86,"column":60},"end":{"line":86,"column":62}},"line":86},"7":{"name":"(anonymous_7)","decl":{"start":{"line":87,"column":57},"end":{"line":87,"column":58}},"loc":{"start":{"line":87,"column":63},"end":{"line":87,"column":65}},"line":87},"8":{"name":"(anonymous_8)","decl":{"start":{"line":88,"column":52},"end":{"line":88,"column":53}},"loc":{"start":{"line":88,"column":58},"end":{"line":88,"column":60}},"line":88},"9":{"name":"(anonymous_9)","decl":{"start":{"line":92,"column":52},"end":{"line":92,"column":53}},"loc":{"start":{"line":92,"column":58},"end":{"line":92,"column":60}},"line":92},"10":{"name":"(anonymous_10)","decl":{"start":{"line":95,"column":27},"end":{"line":95,"column":28}},"loc":{"start":{"line":95,"column":33},"end":{"line":95,"column":82}},"line":95},"11":{"name":"(anonymous_11)","decl":{"start":{"line":99,"column":27},"end":{"line":99,"column":28}},"loc":{"start":{"line":99,"column":33},"end":{"line":99,"column":82}},"line":99},"12":{"name":"(anonymous_12)","decl":{"start":{"line":104,"column":27},"end":{"line":104,"column":28}},"loc":{"start":{"line":104,"column":33},"end":{"line":106,"column":19}},"line":104},"13":{"name":"(anonymous_13)","decl":{"start":{"line":138,"column":16},"end":{"line":138,"column":17}},"loc":{"start":{"line":138,"column":74},"end":{"line":153,"column":1}},"line":138}},"branchMap":{"0":{"loc":{"start":{"line":29,"column":2},"end":{"line":29,"column":25}},"type":"default-arg","locations":[{"start":{"line":29,"column":10},"end":{"line":29,"column":25}}],"line":29},"1":{"loc":{"start":{"line":30,"column":2},"end":{"line":30,"column":20}},"type":"default-arg","locations":[{"start":{"line":30,"column":16},"end":{"line":30,"column":20}}],"line":30},"2":{"loc":{"start":{"line":32,"column":2},"end":{"line":32,"column":20}},"type":"default-arg","locations":[{"start":{"line":32,"column":15},"end":{"line":32,"column":20}}],"line":32},"3":{"loc":{"start":{"line":39,"column":28},"end":{"line":39,"column":52}},"type":"binary-expr","locations":[{"start":{"line":39,"column":28},"end":{"line":39,"column":39}},{"start":{"line":39,"column":43},"end":{"line":39,"column":52}}],"line":39},"4":{"loc":{"start":{"line":40,"column":25},"end":{"line":40,"column":45}},"type":"binary-expr","locations":[{"start":{"line":40,"column":25},"end":{"line":40,"column":33}},{"start":{"line":40,"column":37},"end":{"line":40,"column":45}}],"line":40},"5":{"loc":{"start":{"line":48,"column":13},"end":{"line":56,"column":13}},"type":"binary-expr","locations":[{"start":{"line":48,"column":13},"end":{"line":48,"column":27}},{"start":{"line":49,"column":14},"end":{"line":55,"column":33}}],"line":48},"6":{"loc":{"start":{"line":65,"column":11},"end":{"line":111,"column":11}},"type":"binary-expr","locations":[{"start":{"line":65,"column":11},"end":{"line":65,"column":28}},{"start":{"line":66,"column":12},"end":{"line":110,"column":19}}],"line":65},"7":{"loc":{"start":{"line":119,"column":16},"end":{"line":126,"column":29}},"type":"cond-expr","locations":[{"start":{"line":120,"column":18},"end":{"line":125,"column":20}},{"start":{"line":126,"column":20},"end":{"line":126,"column":29}}],"line":119},"8":{"loc":{"start":{"line":139,"column":20},"end":{"line":139,"column":92}},"type":"cond-expr","locations":[{"start":{"line":139,"column":30},"end":{"line":139,"column":42}},{"start":{"line":139,"column":45},"end":{"line":139,"column":92}}],"line":139},"9":{"loc":{"start":{"line":139,"column":45},"end":{"line":139,"column":92}},"type":"cond-expr","locations":[{"start":{"line":139,"column":56},"end":{"line":139,"column":70}},{"start":{"line":139,"column":73},"end":{"line":139,"column":92}}],"line":139},"10":{"loc":{"start":{"line":147,"column":36},"end":{"line":147,"column":67}},"type":"cond-expr","locations":[{"start":{"line":147,"column":47},"end":{"line":147,"column":55}},{"start":{"line":147,"column":58},"end":{"line":147,"column":67}}],"line":147},"11":{"loc":{"start":{"line":150,"column":7},"end":{"line":150,"column":67}},"type":"binary-expr","locations":[{"start":{"line":150,"column":7},"end":{"line":150,"column":15}},{"start":{"line":150,"column":19},"end":{"line":150,"column":67}}],"line":150}},"s":{"0":2,"1":5,"2":5,"3":5,"4":5,"5":5,"6":5,"7":1,"8":1,"9":1,"10":1,"11":1,"12":1,"13":2,"14":33,"15":33,"16":2},"f":{"0":5,"1":1,"2":1,"3":1,"4":1,"5":1,"6":1,"7":1,"8":1,"9":1,"10":1,"11":1,"12":1,"13":33},"b":{"0":[4],"1":[5],"2":[4],"3":[5,5],"4":[5,3],"5":[5,2],"6":[5,3],"7":[1,4],"8":[3,30],"9":[3,27],"10":[3,30],"11":[33,3]},"_coverageSchema":"1a1c01bbd47fc00a2c39e90264f33305004495a9","hash":"0ef5927a4c3e8815cd0cd26fadacc1719b52a19e"}
,"/Users/joshnaramojipally/ReactNative Projects/MindoulaDashBoard/src/presentation/components/Account/SettingCard.tsx": {"path":"/Users/joshnaramojipally/ReactNative Projects/MindoulaDashBoard/src/presentation/components/Account/SettingCard.tsx","statementMap":{"0":{"start":{"line":15,"column":48},"end":{"line":44,"column":1}},"1":{"start":{"line":16,"column":22},"end":{"line":16,"column":37}},"2":{"start":{"line":18,"column":2},"end":{"line":43,"column":4}},"3":{"start":{"line":46,"column":15},"end":{"line":76,"column":2}}},"fnMap":{"0":{"name":"(anonymous_0)","decl":{"start":{"line":15,"column":48},"end":{"line":15,"column":49}},"loc":{"start":{"line":15,"column":93},"end":{"line":44,"column":1}},"line":15}},"branchMap":{"0":{"loc":{"start":{"line":20,"column":32},"end":{"line":20,"column":56}},"type":"binary-expr","locations":[{"start":{"line":20,"column":32},"end":{"line":20,"column":39}},{"start":{"line":20,"column":43},"end":{"line":20,"column":56}}],"line":20},"1":{"loc":{"start":{"line":30,"column":9},"end":{"line":40,"column":9}},"type":"binary-expr","locations":[{"start":{"line":30,"column":9},"end":{"line":30,"column":20}},{"start":{"line":31,"column":10},"end":{"line":39,"column":29}}],"line":30},"2":{"loc":{"start":{"line":33,"column":35},"end":{"line":33,"column":64}},"type":"binary-expr","locations":[{"start":{"line":33,"column":35},"end":{"line":33,"column":42}},{"start":{"line":33,"column":46},"end":{"line":33,"column":64}}],"line":33}},"s":{"0":3,"1":24,"2":24,"3":3},"f":{"0":24},"b":{"0":[24,1],"1":[24,18],"2":[18,1]},"_coverageSchema":"1a1c01bbd47fc00a2c39e90264f33305004495a9","hash":"fa41e09183ac8e389c58911375f298553449ca87"}
,"/Users/joshnaramojipally/ReactNative Projects/MindoulaDashBoard/src/presentation/components/Billing/BillingCard.tsx": {"path":"/Users/joshnaramojipally/ReactNative Projects/MindoulaDashBoard/src/presentation/components/Billing/BillingCard.tsx","statementMap":{"0":{"start":{"line":20,"column":48},"end":{"line":49,"column":1}},"1":{"start":{"line":21,"column":2},"end":{"line":48,"column":4}},"2":{"start":{"line":51,"column":15},"end":{"line":80,"column":2}}},"fnMap":{"0":{"name":"(anonymous_0)","decl":{"start":{"line":20,"column":48},"end":{"line":20,"column":49}},"loc":{"start":{"line":20,"column":77},"end":{"line":49,"column":1}},"line":20}},"branchMap":{},"s":{"0":3,"1":20,"2":3},"f":{"0":20},"b":{},"_coverageSchema":"1a1c01bbd47fc00a2c39e90264f33305004495a9","hash":"183e550f918989582d81a041f67b1f50dbfca130"}
,"/Users/joshnaramojipally/ReactNative Projects/MindoulaDashBoard/src/presentation/components/Billing/BillingTabs.tsx": {"path":"/Users/joshnaramojipally/ReactNative Projects/MindoulaDashBoard/src/presentation/components/Billing/BillingTabs.tsx","statementMap":{"0":{"start":{"line":14,"column":48},"end":{"line":48,"column":1}},"1":{"start":{"line":20,"column":2},"end":{"line":47,"column":4}},"2":{"start":{"line":28,"column":27},"end":{"line":28,"column":47}},"3":{"start":{"line":29,"column":10},"end":{"line":43,"column":12}},"4":{"start":{"line":33,"column":29},"end":{"line":33,"column":48}},"5":{"start":{"line":50,"column":15},"end":{"line":65,"column":2}}},"fnMap":{"0":{"name":"(anonymous_0)","decl":{"start":{"line":14,"column":48},"end":{"line":14,"column":49}},"loc":{"start":{"line":19,"column":6},"end":{"line":48,"column":1}},"line":19},"1":{"name":"(anonymous_1)","decl":{"start":{"line":27,"column":21},"end":{"line":27,"column":22}},"loc":{"start":{"line":27,"column":33},"end":{"line":44,"column":9}},"line":27},"2":{"name":"(anonymous_2)","decl":{"start":{"line":33,"column":23},"end":{"line":33,"column":24}},"loc":{"start":{"line":33,"column":29},"end":{"line":33,"column":48}},"line":33}},"branchMap":{"0":{"loc":{"start":{"line":18,"column":2},"end":{"line":18,"column":30}},"type":"default-arg","locations":[{"start":{"line":18,"column":16},"end":{"line":18,"column":30}}],"line":18},"1":{"loc":{"start":{"line":32,"column":34},"end":{"line":32,"column":80}},"type":"binary-expr","locations":[{"start":{"line":32,"column":34},"end":{"line":32,"column":42}},{"start":{"line":32,"column":46},"end":{"line":32,"column":80}}],"line":32},"2":{"loc":{"start":{"line":37,"column":24},"end":{"line":37,"column":55}},"type":"cond-expr","locations":[{"start":{"line":37,"column":35},"end":{"line":37,"column":43}},{"start":{"line":37,"column":46},"end":{"line":37,"column":55}}],"line":37},"3":{"loc":{"start":{"line":38,"column":23},"end":{"line":38,"column":69}},"type":"cond-expr","locations":[{"start":{"line":38,"column":34},"end":{"line":38,"column":45}},{"start":{"line":38,"column":48},"end":{"line":38,"column":69}}],"line":38}},"s":{"0":4,"1":24,"2":72,"3":72,"4":7,"5":4},"f":{"0":24,"1":72,"2":7},"b":{"0":[24],"1":[72,24],"2":[24,48],"3":[24,48]},"_coverageSchema":"1a1c01bbd47fc00a2c39e90264f33305004495a9","hash":"4ff742a7c78b6e1f20f34ecb8ea679276b07fe0f"}
,"/Users/joshnaramojipally/ReactNative Projects/MindoulaDashBoard/src/presentation/components/Billing/ChargeCard.tsx": {"path":"/Users/joshnaramojipally/ReactNative Projects/MindoulaDashBoard/src/presentation/components/Billing/ChargeCard.tsx","statementMap":{"0":{"start":{"line":15,"column":46},"end":{"line":38,"column":1}},"1":{"start":{"line":16,"column":2},"end":{"line":37,"column":4}},"2":{"start":{"line":40,"column":15},"end":{"line":58,"column":2}}},"fnMap":{"0":{"name":"(anonymous_0)","decl":{"start":{"line":15,"column":46},"end":{"line":15,"column":47}},"loc":{"start":{"line":15,"column":98},"end":{"line":38,"column":1}},"line":15}},"branchMap":{"0":{"loc":{"start":{"line":30,"column":9},"end":{"line":34,"column":9}},"type":"binary-expr","locations":[{"start":{"line":30,"column":9},"end":{"line":30,"column":13}},{"start":{"line":31,"column":10},"end":{"line":33,"column":20}}],"line":30}},"s":{"0":3,"1":8,"2":3},"f":{"0":8},"b":{"0":[8,7]},"_coverageSchema":"1a1c01bbd47fc00a2c39e90264f33305004495a9","hash":"a0ce3c58c7c177d5005d4a11b26499fc4ec61817"}
,"/Users/joshnaramojipally/ReactNative Projects/MindoulaDashBoard/src/presentation/components/Billing/InvoiceCard.tsx": {"path":"/Users/joshnaramojipally/ReactNative Projects/MindoulaDashBoard/src/presentation/components/Billing/InvoiceCard.tsx","statementMap":{"0":{"start":{"line":17,"column":48},"end":{"line":53,"column":1}},"1":{"start":{"line":26,"column":2},"end":{"line":52,"column":4}},"2":{"start":{"line":55,"column":15},"end":{"line":80,"column":2}}},"fnMap":{"0":{"name":"(anonymous_0)","decl":{"start":{"line":17,"column":48},"end":{"line":17,"column":49}},"loc":{"start":{"line":25,"column":6},"end":{"line":53,"column":1}},"line":25}},"branchMap":{},"s":{"0":3,"1":10,"2":3},"f":{"0":10},"b":{},"_coverageSchema":"1a1c01bbd47fc00a2c39e90264f33305004495a9","hash":"915056333db9e809e1c788c1e96b7925b67567b4"}
,"/Users/joshnaramojipally/ReactNative Projects/MindoulaDashBoard/src/presentation/components/Billing/PaymentMethodCard.tsx": {"path":"/Users/joshnaramojipally/ReactNative Projects/MindoulaDashBoard/src/presentation/components/Billing/PaymentMethodCard.tsx","statementMap":{"0":{"start":{"line":18,"column":60},"end":{"line":73,"column":1}},"1":{"start":{"line":27,"column":22},"end":{"line":27,"column":37}},"2":{"start":{"line":29,"column":2},"end":{"line":72,"column":4}},"3":{"start":{"line":75,"column":15},"end":{"line":116,"column":2}}},"fnMap":{"0":{"name":"(anonymous_0)","decl":{"start":{"line":18,"column":60},"end":{"line":18,"column":61}},"loc":{"start":{"line":26,"column":6},"end":{"line":73,"column":1}},"line":26}},"branchMap":{"0":{"loc":{"start":{"line":31,"column":36},"end":{"line":31,"column":60}},"type":"binary-expr","locations":[{"start":{"line":31,"column":36},"end":{"line":31,"column":43}},{"start":{"line":31,"column":47},"end":{"line":31,"column":60}}],"line":31},"1":{"loc":{"start":{"line":37,"column":13},"end":{"line":43,"column":13}},"type":"binary-expr","locations":[{"start":{"line":37,"column":13},"end":{"line":37,"column":22}},{"start":{"line":38,"column":14},"end":{"line":42,"column":21}}],"line":37},"2":{"loc":{"start":{"line":53,"column":12},"end":{"line":53,"column":63}},"type":"binary-expr","locations":[{"start":{"line":53,"column":12},"end":{"line":53,"column":19}},{"start":{"line":53,"column":23},"end":{"line":53,"column":63}}],"line":53},"3":{"loc":{"start":{"line":54,"column":30},"end":{"line":54,"column":82}},"type":"cond-expr","locations":[{"start":{"line":54,"column":54},"end":{"line":54,"column":64}},{"start":{"line":54,"column":67},"end":{"line":54,"column":82}}],"line":54},"4":{"loc":{"start":{"line":57,"column":11},"end":{"line":63,"column":11}},"type":"binary-expr","locations":[{"start":{"line":57,"column":11},"end":{"line":57,"column":21}},{"start":{"line":58,"column":12},"end":{"line":62,"column":31}}],"line":57}},"s":{"0":3,"1":8,"2":8,"3":3},"f":{"0":8},"b":{"0":[8,1],"1":[8,2],"2":[8,1],"3":[1,7],"4":[8,6]},"_coverageSchema":"1a1c01bbd47fc00a2c39e90264f33305004495a9","hash":"c98a9d0f3e93300bdd43e39875f1e63a210b1062"}
,"/Users/joshnaramojipally/ReactNative Projects/MindoulaDashBoard/src/presentation/components/Common/Badge.tsx": {"path":"/Users/joshnaramojipally/ReactNative Projects/MindoulaDashBoard/src/presentation/components/Common/Badge.tsx","statementMap":{"0":{"start":{"line":10,"column":36},"end":{"line":18,"column":1}},"1":{"start":{"line":11,"column":2},"end":{"line":17,"column":4}},"2":{"start":{"line":20,"column":15},"end":{"line":31,"column":2}}},"fnMap":{"0":{"name":"(anonymous_0)","decl":{"start":{"line":10,"column":36},"end":{"line":10,"column":37}},"loc":{"start":{"line":10,"column":70},"end":{"line":18,"column":1}},"line":10}},"branchMap":{"0":{"loc":{"start":{"line":10,"column":46},"end":{"line":10,"column":63}},"type":"default-arg","locations":[{"start":{"line":10,"column":54},"end":{"line":10,"column":63}}],"line":10}},"s":{"0":1,"1":2,"2":1},"f":{"0":2},"b":{"0":[1]},"_coverageSchema":"1a1c01bbd47fc00a2c39e90264f33305004495a9","hash":"df0063de4892d22f8357e98d9fc603ed6edddcac"}
,"/Users/joshnaramojipally/ReactNative Projects/MindoulaDashBoard/src/presentation/components/Icons/MessageIcon.tsx": {"path":"/Users/joshnaramojipally/ReactNative Projects/MindoulaDashBoard/src/presentation/components/Icons/MessageIcon.tsx","statementMap":{"0":{"start":{"line":9,"column":49},"end":{"line":99,"column":1}},"1":{"start":{"line":10,"column":16},"end":{"line":10,"column":25}},"2":{"start":{"line":11,"column":12},"end":{"line":11,"column":36}},"3":{"start":{"line":11,"column":27},"end":{"line":11,"column":36}},"4":{"start":{"line":13,"column":2},"end":{"line":98,"column":4}},"5":{"start":{"line":101,"column":15},"end":{"line":159,"column":2}}},"fnMap":{"0":{"name":"(anonymous_0)","decl":{"start":{"line":9,"column":49},"end":{"line":9,"column":50}},"loc":{"start":{"line":9,"column":68},"end":{"line":99,"column":1}},"line":9},"1":{"name":"(anonymous_1)","decl":{"start":{"line":11,"column":12},"end":{"line":11,"column":13}},"loc":{"start":{"line":11,"column":27},"end":{"line":11,"column":36}},"line":11}},"branchMap":{"0":{"loc":{"start":{"line":9,"column":52},"end":{"line":9,"column":61}},"type":"default-arg","locations":[{"start":{"line":9,"column":59},"end":{"line":9,"column":61}}],"line":9}},"s":{"0":1,"1":1,"2":1,"3":22,"4":1,"5":1},"f":{"0":1,"1":22},"b":{"0":[1]},"_coverageSchema":"1a1c01bbd47fc00a2c39e90264f33305004495a9","hash":"dbfecdd2a27e8020a1b19b40a391d7aecec04e9b"}
,"/Users/joshnaramojipally/ReactNative Projects/MindoulaDashBoard/src/presentation/components/Messages/ChatPanel.tsx": {"path":"/Users/joshnaramojipally/ReactNative Projects/MindoulaDashBoard/src/presentation/components/Messages/ChatPanel.tsx","statementMap":{"0":{"start":{"line":14,"column":44},"end":{"line":127,"column":1}},"1":{"start":{"line":15,"column":22},"end":{"line":15,"column":37}},"2":{"start":{"line":17,"column":24},"end":{"line":54,"column":3}},"3":{"start":{"line":23,"column":4},"end":{"line":35,"column":5}},"4":{"start":{"line":24,"column":6},"end":{"line":34,"column":8}},"5":{"start":{"line":37,"column":4},"end":{"line":53,"column":6}},"6":{"start":{"line":56,"column":2},"end":{"line":126,"column":4}},"7":{"start":{"line":129,"column":15},"end":{"line":220,"column":2}}},"fnMap":{"0":{"name":"(anonymous_0)","decl":{"start":{"line":14,"column":44},"end":{"line":14,"column":45}},"loc":{"start":{"line":14,"column":70},"end":{"line":127,"column":1}},"line":14},"1":{"name":"(anonymous_1)","decl":{"start":{"line":17,"column":24},"end":{"line":17,"column":25}},"loc":{"start":{"line":22,"column":7},"end":{"line":54,"column":3}},"line":22}},"branchMap":{"0":{"loc":{"start":{"line":23,"column":4},"end":{"line":35,"column":5}},"type":"if","locations":[{"start":{"line":23,"column":4},"end":{"line":35,"column":5}},{"start":{},"end":{}}],"line":23},"1":{"loc":{"start":{"line":41,"column":10},"end":{"line":41,"column":82}},"type":"cond-expr","locations":[{"start":{"line":41,"column":28},"end":{"line":41,"column":52}},{"start":{"line":41,"column":55},"end":{"line":41,"column":82}}],"line":41},"2":{"loc":{"start":{"line":44,"column":37},"end":{"line":44,"column":91}},"type":"cond-expr","locations":[{"start":{"line":44,"column":55},"end":{"line":44,"column":70}},{"start":{"line":44,"column":73},"end":{"line":44,"column":91}}],"line":44},"3":{"loc":{"start":{"line":45,"column":39},"end":{"line":45,"column":95}},"type":"cond-expr","locations":[{"start":{"line":45,"column":57},"end":{"line":45,"column":76}},{"start":{"line":45,"column":79},"end":{"line":45,"column":95}}],"line":45},"4":{"loc":{"start":{"line":60,"column":9},"end":{"line":66,"column":9}},"type":"binary-expr","locations":[{"start":{"line":60,"column":9},"end":{"line":60,"column":16}},{"start":{"line":61,"column":10},"end":{"line":65,"column":29}}],"line":60},"5":{"loc":{"start":{"line":75,"column":9},"end":{"line":75,"column":93}},"type":"binary-expr","locations":[{"start":{"line":75,"column":9},"end":{"line":75,"column":17}},{"start":{"line":75,"column":21},"end":{"line":75,"column":93}}],"line":75},"6":{"loc":{"start":{"line":86,"column":9},"end":{"line":110,"column":9}},"type":"cond-expr","locations":[{"start":{"line":87,"column":10},"end":{"line":96,"column":13}},{"start":{"line":98,"column":10},"end":{"line":109,"column":13}}],"line":86}},"s":{"0":3,"1":10,"2":10,"3":26,"4":18,"5":8,"6":10,"7":3},"f":{"0":10,"1":26},"b":{"0":[18,8],"1":[4,4],"2":[4,4],"3":[4,4],"4":[10,3],"5":[10,7],"6":[6,4]},"_coverageSchema":"1a1c01bbd47fc00a2c39e90264f33305004495a9","hash":"7d870ccdb97e6a6a5c0e43045f7111baa8d4ce46"}
,"/Users/joshnaramojipally/ReactNative Projects/MindoulaDashBoard/src/presentation/components/Messages/ThreadItem.tsx": {"path":"/Users/joshnaramojipally/ReactNative Projects/MindoulaDashBoard/src/presentation/components/Messages/ThreadItem.tsx","statementMap":{"0":{"start":{"line":14,"column":46},"end":{"line":41,"column":1}},"1":{"start":{"line":15,"column":2},"end":{"line":40,"column":4}},"2":{"start":{"line":43,"column":15},"end":{"line":80,"column":2}}},"fnMap":{"0":{"name":"(anonymous_0)","decl":{"start":{"line":14,"column":46},"end":{"line":14,"column":47}},"loc":{"start":{"line":14,"column":83},"end":{"line":41,"column":1}},"line":14}},"branchMap":{"0":{"loc":{"start":{"line":17,"column":32},"end":{"line":17,"column":61}},"type":"binary-expr","locations":[{"start":{"line":17,"column":32},"end":{"line":17,"column":42}},{"start":{"line":17,"column":46},"end":{"line":17,"column":61}}],"line":17},"1":{"loc":{"start":{"line":23,"column":38},"end":{"line":23,"column":71}},"type":"cond-expr","locations":[{"start":{"line":23,"column":54},"end":{"line":23,"column":60}},{"start":{"line":23,"column":63},"end":{"line":23,"column":71}}],"line":23},"2":{"loc":{"start":{"line":35,"column":9},"end":{"line":35,"column":74}},"type":"binary-expr","locations":[{"start":{"line":35,"column":9},"end":{"line":35,"column":22}},{"start":{"line":35,"column":26},"end":{"line":35,"column":74}}],"line":35},"3":{"loc":{"start":{"line":38,"column":7},"end":{"line":38,"column":63}},"type":"binary-expr","locations":[{"start":{"line":38,"column":7},"end":{"line":38,"column":17}},{"start":{"line":38,"column":21},"end":{"line":38,"column":63}}],"line":38}},"s":{"0":3,"1":28,"2":3},"f":{"0":28},"b":{"0":[28,8],"1":[11,17],"2":[28,11],"3":[28,8]},"_coverageSchema":"1a1c01bbd47fc00a2c39e90264f33305004495a9","hash":"43089e455a6027a333251a5b4825910c215309df"}
,"/Users/joshnaramojipally/ReactNative Projects/MindoulaDashBoard/src/presentation/components/Prescriptions/PrescriptionCard.tsx": {"path":"/Users/joshnaramojipally/ReactNative Projects/MindoulaDashBoard/src/presentation/components/Prescriptions/PrescriptionCard.tsx","statementMap":{"0":{"start":{"line":15,"column":42},"end":{"line":65,"column":1}},"1":{"start":{"line":16,"column":22},"end":{"line":16,"column":37}},"2":{"start":{"line":18,"column":2},"end":{"line":64,"column":4}},"3":{"start":{"line":67,"column":15},"end":{"line":118,"column":2}}},"fnMap":{"0":{"name":"(anonymous_0)","decl":{"start":{"line":15,"column":42},"end":{"line":15,"column":43}},"loc":{"start":{"line":15,"column":88},"end":{"line":65,"column":1}},"line":15}},"branchMap":{"0":{"loc":{"start":{"line":20,"column":36},"end":{"line":20,"column":60}},"type":"binary-expr","locations":[{"start":{"line":20,"column":36},"end":{"line":20,"column":43}},{"start":{"line":20,"column":47},"end":{"line":20,"column":60}}],"line":20},"1":{"loc":{"start":{"line":33,"column":9},"end":{"line":33,"column":52}},"type":"binary-expr","locations":[{"start":{"line":33,"column":9},"end":{"line":33,"column":17}},{"start":{"line":33,"column":21},"end":{"line":33,"column":52}}],"line":33},"2":{"loc":{"start":{"line":46,"column":43},"end":{"line":46,"column":77}},"type":"binary-expr","locations":[{"start":{"line":46,"column":43},"end":{"line":46,"column":50}},{"start":{"line":46,"column":54},"end":{"line":46,"column":77}}],"line":46},"3":{"loc":{"start":{"line":52,"column":19},"end":{"line":52,"column":53}},"type":"cond-expr","locations":[{"start":{"line":52,"column":29},"end":{"line":52,"column":41}},{"start":{"line":52,"column":44},"end":{"line":52,"column":53}}],"line":52},"4":{"loc":{"start":{"line":59,"column":19},"end":{"line":59,"column":53}},"type":"cond-expr","locations":[{"start":{"line":59,"column":29},"end":{"line":59,"column":41}},{"start":{"line":59,"column":44},"end":{"line":59,"column":53}}],"line":59}},"s":{"0":3,"1":12,"2":12,"3":3},"f":{"0":12},"b":{"0":[12,1],"1":[12,11],"2":[12,1],"3":[1,11],"4":[1,11]},"_coverageSchema":"1a1c01bbd47fc00a2c39e90264f33305004495a9","hash":"40b24f64ce04bbefe24eb30d3443078b770fdfc6"}
,"/Users/joshnaramojipally/ReactNative Projects/MindoulaDashBoard/src/presentation/screens/PlaceholderScreens.tsx": {"path":"/Users/joshnaramojipally/ReactNative Projects/MindoulaDashBoard/src/presentation/screens/PlaceholderScreens.tsx","statementMap":{"0":{"start":{"line":11,"column":43},"end":{"line":24,"column":1}},"1":{"start":{"line":12,"column":2},"end":{"line":23,"column":4}},"2":{"start":{"line":26,"column":15},"end":{"line":37,"column":2}},"3":{"start":{"line":39,"column":32},"end":{"line":39,"column":79}},"4":{"start":{"line":39,"column":38},"end":{"line":39,"column":79}},"5":{"start":{"line":40,"column":36},"end":{"line":40,"column":86}},"6":{"start":{"line":40,"column":42},"end":{"line":40,"column":86}},"7":{"start":{"line":41,"column":31},"end":{"line":41,"column":76}},"8":{"start":{"line":41,"column":37},"end":{"line":41,"column":76}},"9":{"start":{"line":42,"column":31},"end":{"line":42,"column":76}},"10":{"start":{"line":42,"column":37},"end":{"line":42,"column":76}},"11":{"start":{"line":43,"column":34},"end":{"line":43,"column":82}},"12":{"start":{"line":43,"column":40},"end":{"line":43,"column":82}}},"fnMap":{"0":{"name":"(anonymous_0)","decl":{"start":{"line":11,"column":43},"end":{"line":11,"column":44}},"loc":{"start":{"line":11,"column":58},"end":{"line":24,"column":1}},"line":11},"1":{"name":"(anonymous_1)","decl":{"start":{"line":39,"column":32},"end":{"line":39,"column":33}},"loc":{"start":{"line":39,"column":38},"end":{"line":39,"column":79}},"line":39},"2":{"name":"(anonymous_2)","decl":{"start":{"line":40,"column":36},"end":{"line":40,"column":37}},"loc":{"start":{"line":40,"column":42},"end":{"line":40,"column":86}},"line":40},"3":{"name":"(anonymous_3)","decl":{"start":{"line":41,"column":31},"end":{"line":41,"column":32}},"loc":{"start":{"line":41,"column":37},"end":{"line":41,"column":76}},"line":41},"4":{"name":"(anonymous_4)","decl":{"start":{"line":42,"column":31},"end":{"line":42,"column":32}},"loc":{"start":{"line":42,"column":37},"end":{"line":42,"column":76}},"line":42},"5":{"name":"(anonymous_5)","decl":{"start":{"line":43,"column":34},"end":{"line":43,"column":35}},"loc":{"start":{"line":43,"column":40},"end":{"line":43,"column":82}},"line":43}},"branchMap":{},"s":{"0":2,"1":5,"2":2,"3":2,"4":1,"5":2,"6":1,"7":2,"8":1,"9":2,"10":1,"11":2,"12":1},"f":{"0":5,"1":1,"2":1,"3":1,"4":1,"5":1},"b":{},"_coverageSchema":"1a1c01bbd47fc00a2c39e90264f33305004495a9","hash":"be953c585904d25d82ba7f5650befb008673c199"}
,"/Users/joshnaramojipally/ReactNative Projects/MindoulaDashBoard/src/presentation/screens/Account/AccountScreen.tsx": {"path":"/Users/joshnaramojipally/ReactNative Projects/MindoulaDashBoard/src/presentation/screens/Account/AccountScreen.tsx","statementMap":{"0":{"start":{"line":11,"column":39},"end":{"line":80,"column":1}},"1":{"start":{"line":12,"column":36},"end":{"line":12,"column":56}},"2":{"start":{"line":14,"column":19},"end":{"line":41,"column":3}},"3":{"start":{"line":20,"column":22},"end":{"line":20,"column":46}},"4":{"start":{"line":27,"column":22},"end":{"line":27,"column":49}},"5":{"start":{"line":34,"column":22},"end":{"line":34,"column":52}},"6":{"start":{"line":43,"column":2},"end":{"line":79,"column":4}},"7":{"start":{"line":53,"column":32},"end":{"line":53,"column":49}},"8":{"start":{"line":59,"column":14},"end":{"line":65,"column":16}},"9":{"start":{"line":82,"column":15},"end":{"line":99,"column":2}}},"fnMap":{"0":{"name":"(anonymous_0)","decl":{"start":{"line":11,"column":39},"end":{"line":11,"column":40}},"loc":{"start":{"line":11,"column":45},"end":{"line":80,"column":1}},"line":11},"1":{"name":"(anonymous_1)","decl":{"start":{"line":20,"column":16},"end":{"line":20,"column":17}},"loc":{"start":{"line":20,"column":22},"end":{"line":20,"column":46}},"line":20},"2":{"name":"(anonymous_2)","decl":{"start":{"line":27,"column":16},"end":{"line":27,"column":17}},"loc":{"start":{"line":27,"column":22},"end":{"line":27,"column":49}},"line":27},"3":{"name":"(anonymous_3)","decl":{"start":{"line":34,"column":16},"end":{"line":34,"column":17}},"loc":{"start":{"line":34,"column":22},"end":{"line":34,"column":52}},"line":34},"4":{"name":"(anonymous_4)","decl":{"start":{"line":53,"column":23},"end":{"line":53,"column":24}},"loc":{"start":{"line":53,"column":32},"end":{"line":53,"column":49}},"line":53},"5":{"name":"(anonymous_5)","decl":{"start":{"line":58,"column":26},"end":{"line":58,"column":27}},"loc":{"start":{"line":59,"column":14},"end":{"line":65,"column":16}},"line":59}},"branchMap":{"0":{"loc":{"start":{"line":56,"column":9},"end":{"line":68,"column":9}},"type":"binary-expr","locations":[{"start":{"line":56,"column":9},"end":{"line":56,"column":33}},{"start":{"line":57,"column":10},"end":{"line":67,"column":17}}],"line":56},"1":{"loc":{"start":{"line":70,"column":9},"end":{"line":76,"column":9}},"type":"binary-expr","locations":[{"start":{"line":70,"column":9},"end":{"line":70,"column":33}},{"start":{"line":71,"column":10},"end":{"line":75,"column":17}}],"line":70}},"s":{"0":2,"1":7,"2":7,"3":1,"4":2,"5":1,"6":7,"7":2,"8":20,"9":2},"f":{"0":7,"1":1,"2":2,"3":1,"4":2,"5":20},"b":{"0":[7,5],"1":[7,2]},"_coverageSchema":"1a1c01bbd47fc00a2c39e90264f33305004495a9","hash":"e3eb33056da94246b0362783e75ee2d6fc60a68d"}
,"/Users/joshnaramojipally/ReactNative Projects/MindoulaDashBoard/src/presentation/screens/Billing/BillingScreen.tsx": {"path":"/Users/joshnaramojipally/ReactNative Projects/MindoulaDashBoard/src/presentation/screens/Billing/BillingScreen.tsx","statementMap":{"0":{"start":{"line":16,"column":39},"end":{"line":270,"column":1}},"1":{"start":{"line":17,"column":36},"end":{"line":17,"column":59}},"2":{"start":{"line":18,"column":42},"end":{"line":18,"column":57}},"3":{"start":{"line":19,"column":22},"end":{"line":19,"column":37}},"4":{"start":{"line":21,"column":23},"end":{"line":42,"column":3}},"5":{"start":{"line":44,"column":23},"end":{"line":63,"column":3}},"6":{"start":{"line":65,"column":22},"end":{"line":82,"column":3}},"7":{"start":{"line":84,"column":25},"end":{"line":101,"column":3}},"8":{"start":{"line":103,"column":32},"end":{"line":130,"column":3}},"9":{"start":{"line":104,"column":4},"end":{"line":129,"column":11}},"10":{"start":{"line":126,"column":10},"end":{"line":126,"column":95}},"11":{"start":{"line":126,"column":70},"end":{"line":126,"column":91}},"12":{"start":{"line":132,"column":28},"end":{"line":159,"column":3}},"13":{"start":{"line":133,"column":4},"end":{"line":158,"column":11}},"14":{"start":{"line":146,"column":10},"end":{"line":155,"column":12}},"15":{"start":{"line":154,"column":33},"end":{"line":154,"column":54}},"16":{"start":{"line":161,"column":31},"end":{"line":192,"column":3}},"17":{"start":{"line":162,"column":4},"end":{"line":191,"column":11}},"18":{"start":{"line":172,"column":25},"end":{"line":172,"column":52}},"19":{"start":{"line":179,"column":10},"end":{"line":188,"column":12}},"20":{"start":{"line":186,"column":28},"end":{"line":186,"column":54}},"21":{"start":{"line":187,"column":32},"end":{"line":187,"column":58}},"22":{"start":{"line":194,"column":31},"end":{"line":240,"column":3}},"23":{"start":{"line":195,"column":4},"end":{"line":239,"column":11}},"24":{"start":{"line":196,"column":39},"end":{"line":196,"column":61}},"25":{"start":{"line":236,"column":10},"end":{"line":236,"column":52}},"26":{"start":{"line":242,"column":2},"end":{"line":269,"column":4}},"27":{"start":{"line":272,"column":15},"end":{"line":333,"column":2}}},"fnMap":{"0":{"name":"(anonymous_0)","decl":{"start":{"line":16,"column":39},"end":{"line":16,"column":40}},"loc":{"start":{"line":16,"column":45},"end":{"line":270,"column":1}},"line":16},"1":{"name":"(anonymous_1)","decl":{"start":{"line":103,"column":32},"end":{"line":103,"column":33}},"loc":{"start":{"line":104,"column":4},"end":{"line":129,"column":11}},"line":104},"2":{"name":"(anonymous_2)","decl":{"start":{"line":125,"column":26},"end":{"line":125,"column":27}},"loc":{"start":{"line":126,"column":10},"end":{"line":126,"column":95}},"line":126},"3":{"name":"(anonymous_3)","decl":{"start":{"line":126,"column":64},"end":{"line":126,"column":65}},"loc":{"start":{"line":126,"column":70},"end":{"line":126,"column":91}},"line":126},"4":{"name":"(anonymous_4)","decl":{"start":{"line":132,"column":28},"end":{"line":132,"column":29}},"loc":{"start":{"line":133,"column":4},"end":{"line":158,"column":11}},"line":133},"5":{"name":"(anonymous_5)","decl":{"start":{"line":145,"column":26},"end":{"line":145,"column":27}},"loc":{"start":{"line":146,"column":10},"end":{"line":155,"column":12}},"line":146},"6":{"name":"(anonymous_6)","decl":{"start":{"line":154,"column":27},"end":{"line":154,"column":28}},"loc":{"start":{"line":154,"column":33},"end":{"line":154,"column":54}},"line":154},"7":{"name":"(anonymous_7)","decl":{"start":{"line":161,"column":31},"end":{"line":161,"column":32}},"loc":{"start":{"line":162,"column":4},"end":{"line":191,"column":11}},"line":162},"8":{"name":"(anonymous_8)","decl":{"start":{"line":172,"column":19},"end":{"line":172,"column":20}},"loc":{"start":{"line":172,"column":25},"end":{"line":172,"column":52}},"line":172},"9":{"name":"(anonymous_9)","decl":{"start":{"line":178,"column":28},"end":{"line":178,"column":29}},"loc":{"start":{"line":179,"column":10},"end":{"line":188,"column":12}},"line":179},"10":{"name":"(anonymous_10)","decl":{"start":{"line":186,"column":22},"end":{"line":186,"column":23}},"loc":{"start":{"line":186,"column":28},"end":{"line":186,"column":54}},"line":186},"11":{"name":"(anonymous_11)","decl":{"start":{"line":187,"column":26},"end":{"line":187,"column":27}},"loc":{"start":{"line":187,"column":32},"end":{"line":187,"column":58}},"line":187},"12":{"name":"(anonymous_12)","decl":{"start":{"line":194,"column":31},"end":{"line":194,"column":32}},"loc":{"start":{"line":195,"column":4},"end":{"line":239,"column":11}},"line":195},"13":{"name":"(anonymous_13)","decl":{"start":{"line":196,"column":33},"end":{"line":196,"column":34}},"loc":{"start":{"line":196,"column":39},"end":{"line":196,"column":61}},"line":196},"14":{"name":"(anonymous_14)","decl":{"start":{"line":217,"column":46},"end":{"line":217,"column":47}},"loc":{"start":{"line":217,"column":52},"end":{"line":217,"column":54}},"line":217},"15":{"name":"(anonymous_15)","decl":{"start":{"line":235,"column":25},"end":{"line":235,"column":26}},"loc":{"start":{"line":236,"column":10},"end":{"line":236,"column":52}},"line":236}},"branchMap":{"0":{"loc":{"start":{"line":105,"column":37},"end":{"line":105,"column":61}},"type":"binary-expr","locations":[{"start":{"line":105,"column":37},"end":{"line":105,"column":44}},{"start":{"line":105,"column":48},"end":{"line":105,"column":61}}],"line":105},"1":{"loc":{"start":{"line":202,"column":41},"end":{"line":202,"column":65}},"type":"binary-expr","locations":[{"start":{"line":202,"column":41},"end":{"line":202,"column":48}},{"start":{"line":202,"column":52},"end":{"line":202,"column":65}}],"line":202},"2":{"loc":{"start":{"line":212,"column":36},"end":{"line":212,"column":98}},"type":"binary-expr","locations":[{"start":{"line":212,"column":36},"end":{"line":212,"column":43}},{"start":{"line":212,"column":47},"end":{"line":212,"column":98}}],"line":212},"3":{"loc":{"start":{"line":245,"column":9},"end":{"line":256,"column":9}},"type":"binary-expr","locations":[{"start":{"line":245,"column":9},"end":{"line":245,"column":22}},{"start":{"line":246,"column":10},"end":{"line":255,"column":13}}],"line":245},"4":{"loc":{"start":{"line":258,"column":9},"end":{"line":266,"column":9}},"type":"cond-expr","locations":[{"start":{"line":259,"column":10},"end":{"line":259,"column":32}},{"start":{"line":261,"column":10},"end":{"line":265,"column":17}}],"line":258},"5":{"loc":{"start":{"line":262,"column":13},"end":{"line":262,"column":67}},"type":"binary-expr","locations":[{"start":{"line":262,"column":13},"end":{"line":262,"column":40}},{"start":{"line":262,"column":44},"end":{"line":262,"column":67}}],"line":262},"6":{"loc":{"start":{"line":263,"column":13},"end":{"line":263,"column":59}},"type":"binary-expr","locations":[{"start":{"line":263,"column":13},"end":{"line":263,"column":36}},{"start":{"line":263,"column":40},"end":{"line":263,"column":59}}],"line":263},"7":{"loc":{"start":{"line":264,"column":13},"end":{"line":264,"column":62}},"type":"binary-expr","locations":[{"start":{"line":264,"column":13},"end":{"line":264,"column":36}},{"start":{"line":264,"column":40},"end":{"line":264,"column":62}}],"line":264}},"s":{"0":2,"1":17,"2":17,"3":17,"4":17,"5":17,"6":17,"7":17,"8":17,"9":9,"10":18,"11":2,"12":17,"13":4,"14":8,"15":1,"16":17,"17":1,"18":1,"19":2,"20":1,"21":1,"22":17,"23":3,"24":2,"25":6,"26":17,"27":2},"f":{"0":17,"1":9,"2":18,"3":2,"4":4,"5":8,"6":1,"7":1,"8":1,"9":2,"10":1,"11":1,"12":3,"13":2,"14":0,"15":6},"b":{"0":[9,2],"1":[3,1],"2":[3,1],"3":[17,14],"4":[3,14],"5":[14,9],"6":[14,4],"7":[14,1]},"_coverageSchema":"1a1c01bbd47fc00a2c39e90264f33305004495a9","hash":"32038b44f9bd483d7b47f84c508cb1507119e57d"}
,"/Users/joshnaramojipally/ReactNative Projects/MindoulaDashBoard/src/presentation/screens/Dashboard/DashboardViewModel.ts": {"path":"/Users/joshnaramojipally/ReactNative Projects/MindoulaDashBoard/src/presentation/screens/Dashboard/DashboardViewModel.ts","statementMap":{"0":{"start":{"line":5,"column":37},"end":{"line":56,"column":1}},"1":{"start":{"line":6,"column":26},"end":{"line":6,"column":62}},"2":{"start":{"line":7,"column":36},"end":{"line":7,"column":59}},"3":{"start":{"line":8,"column":28},"end":{"line":8,"column":57}},"4":{"start":{"line":9,"column":38},"end":{"line":9,"column":62}},"5":{"start":{"line":11,"column":29},"end":{"line":22,"column":8}},"6":{"start":{"line":12,"column":4},"end":{"line":12,"column":23}},"7":{"start":{"line":13,"column":4},"end":{"line":13,"column":19}},"8":{"start":{"line":14,"column":4},"end":{"line":21,"column":5}},"9":{"start":{"line":15,"column":23},"end":{"line":15,"column":67}},"10":{"start":{"line":16,"column":6},"end":{"line":16,"column":24}},"11":{"start":{"line":18,"column":6},"end":{"line":18,"column":63}},"12":{"start":{"line":20,"column":6},"end":{"line":20,"column":26}},"13":{"start":{"line":24,"column":2},"end":{"line":26,"column":27}},"14":{"start":{"line":25,"column":4},"end":{"line":25,"column":25}},"15":{"start":{"line":28,"column":22},"end":{"line":31,"column":3}},"16":{"start":{"line":29,"column":4},"end":{"line":29,"column":24}},"17":{"start":{"line":33,"column":21},"end":{"line":35,"column":3}},"18":{"start":{"line":37,"column":24},"end":{"line":39,"column":3}},"19":{"start":{"line":41,"column":25},"end":{"line":43,"column":3}},"20":{"start":{"line":45,"column":2},"end":{"line":55,"column":4}}},"fnMap":{"0":{"name":"(anonymous_0)","decl":{"start":{"line":5,"column":37},"end":{"line":5,"column":38}},"loc":{"start":{"line":5,"column":43},"end":{"line":56,"column":1}},"line":5},"1":{"name":"(anonymous_1)","decl":{"start":{"line":11,"column":41},"end":{"line":11,"column":42}},"loc":{"start":{"line":11,"column":53},"end":{"line":22,"column":3}},"line":11},"2":{"name":"(anonymous_2)","decl":{"start":{"line":24,"column":12},"end":{"line":24,"column":13}},"loc":{"start":{"line":24,"column":18},"end":{"line":26,"column":3}},"line":24},"3":{"name":"(anonymous_3)","decl":{"start":{"line":28,"column":22},"end":{"line":28,"column":23}},"loc":{"start":{"line":28,"column":40},"end":{"line":31,"column":3}},"line":28},"4":{"name":"(anonymous_4)","decl":{"start":{"line":33,"column":21},"end":{"line":33,"column":22}},"loc":{"start":{"line":33,"column":38},"end":{"line":35,"column":3}},"line":33},"5":{"name":"(anonymous_5)","decl":{"start":{"line":37,"column":24},"end":{"line":37,"column":25}},"loc":{"start":{"line":37,"column":43},"end":{"line":39,"column":3}},"line":37},"6":{"name":"(anonymous_6)","decl":{"start":{"line":41,"column":25},"end":{"line":41,"column":26}},"loc":{"start":{"line":41,"column":31},"end":{"line":43,"column":3}},"line":41}},"branchMap":{"0":{"loc":{"start":{"line":18,"column":15},"end":{"line":18,"column":61}},"type":"binary-expr","locations":[{"start":{"line":18,"column":15},"end":{"line":18,"column":26}},{"start":{"line":18,"column":30},"end":{"line":18,"column":61}}],"line":18}},"s":{"0":2,"1":21,"2":21,"3":21,"4":21,"5":21,"6":11,"7":11,"8":11,"9":11,"10":7,"11":3,"12":10,"13":21,"14":10,"15":21,"16":2,"17":21,"18":21,"19":21,"20":21},"f":{"0":21,"1":11,"2":10,"3":2,"4":1,"5":1,"6":1},"b":{"0":[3,1]},"_coverageSchema":"1a1c01bbd47fc00a2c39e90264f33305004495a9","hash":"616662babe1fb3b85ec747a1186dae4c9295c7a3"}
,"/Users/joshnaramojipally/ReactNative Projects/MindoulaDashBoard/src/presentation/screens/Dashboard/FigmaDashboardView.tsx": {"path":"/Users/joshnaramojipally/ReactNative Projects/MindoulaDashBoard/src/presentation/screens/Dashboard/FigmaDashboardView.tsx","statementMap":{"0":{"start":{"line":13,"column":37},"end":{"line":104,"column":1}},"1":{"start":{"line":14,"column":21},"end":{"line":14,"column":41}},"2":{"start":{"line":15,"column":22},"end":{"line":15,"column":37}},"3":{"start":{"line":17,"column":2},"end":{"line":103,"column":4}},"4":{"start":{"line":88,"column":29},"end":{"line":88,"column":79}},"5":{"start":{"line":93,"column":29},"end":{"line":93,"column":84}},"6":{"start":{"line":97,"column":29},"end":{"line":97,"column":79}},"7":{"start":{"line":106,"column":19},"end":{"line":115,"column":1}},"8":{"start":{"line":107,"column":2},"end":{"line":114,"column":21}},"9":{"start":{"line":117,"column":15},"end":{"line":178,"column":2}}},"fnMap":{"0":{"name":"(anonymous_0)","decl":{"start":{"line":13,"column":37},"end":{"line":13,"column":38}},"loc":{"start":{"line":13,"column":43},"end":{"line":104,"column":1}},"line":13},"1":{"name":"(anonymous_1)","decl":{"start":{"line":67,"column":23},"end":{"line":67,"column":24}},"loc":{"start":{"line":67,"column":29},"end":{"line":67,"column":31}},"line":67},"2":{"name":"(anonymous_2)","decl":{"start":{"line":88,"column":23},"end":{"line":88,"column":24}},"loc":{"start":{"line":88,"column":29},"end":{"line":88,"column":79}},"line":88},"3":{"name":"(anonymous_3)","decl":{"start":{"line":90,"column":64},"end":{"line":90,"column":65}},"loc":{"start":{"line":90,"column":70},"end":{"line":90,"column":72}},"line":90},"4":{"name":"(anonymous_4)","decl":{"start":{"line":93,"column":23},"end":{"line":93,"column":24}},"loc":{"start":{"line":93,"column":29},"end":{"line":93,"column":84}},"line":93},"5":{"name":"(anonymous_5)","decl":{"start":{"line":97,"column":23},"end":{"line":97,"column":24}},"loc":{"start":{"line":97,"column":29},"end":{"line":97,"column":79}},"line":97},"6":{"name":"(anonymous_6)","decl":{"start":{"line":106,"column":19},"end":{"line":106,"column":20}},"loc":{"start":{"line":107,"column":2},"end":{"line":114,"column":21}},"line":107}},"branchMap":{"0":{"loc":{"start":{"line":42,"column":31},"end":{"line":42,"column":71}},"type":"cond-expr","locations":[{"start":{"line":42,"column":55},"end":{"line":42,"column":60}},{"start":{"line":42,"column":63},"end":{"line":42,"column":71}}],"line":42},"1":{"loc":{"start":{"line":43,"column":28},"end":{"line":43,"column":72}},"type":"cond-expr","locations":[{"start":{"line":43,"column":52},"end":{"line":43,"column":60}},{"start":{"line":43,"column":63},"end":{"line":43,"column":72}}],"line":43},"2":{"loc":{"start":{"line":68,"column":21},"end":{"line":68,"column":78}},"type":"cond-expr","locations":[{"start":{"line":68,"column":31},"end":{"line":68,"column":53}},{"start":{"line":68,"column":56},"end":{"line":68,"column":78}}],"line":68},"3":{"loc":{"start":{"line":109,"column":7},"end":{"line":109,"column":64}},"type":"binary-expr","locations":[{"start":{"line":109,"column":7},"end":{"line":109,"column":11}},{"start":{"line":109,"column":15},"end":{"line":109,"column":64}}],"line":109}},"s":{"0":2,"1":6,"2":6,"3":6,"4":1,"5":1,"6":1,"7":2,"8":24,"9":2},"f":{"0":6,"1":0,"2":1,"3":0,"4":1,"5":1,"6":24},"b":{"0":[1,5],"1":[1,5],"2":[1,5],"3":[24,6]},"_coverageSchema":"1a1c01bbd47fc00a2c39e90264f33305004495a9","hash":"be4735a59fb20ff119edd0c4883b094ccab2b080"}
,"/Users/joshnaramojipally/ReactNative Projects/MindoulaDashBoard/src/presentation/screens/Messages/MessagingCenterView.tsx": {"path":"/Users/joshnaramojipally/ReactNative Projects/MindoulaDashBoard/src/presentation/screens/Messages/MessagingCenterView.tsx","statementMap":{"0":{"start":{"line":19,"column":64},"end":{"line":108,"column":1}},"1":{"start":{"line":23,"column":38},"end":{"line":23,"column":80}},"2":{"start":{"line":24,"column":41},"end":{"line":24,"column":56}},"3":{"start":{"line":25,"column":54},"end":{"line":25,"column":89}},"4":{"start":{"line":27,"column":42},"end":{"line":52,"column":3}},"5":{"start":{"line":54,"column":29},"end":{"line":59,"column":3}},"6":{"start":{"line":55,"column":4},"end":{"line":55,"column":22}},"7":{"start":{"line":56,"column":4},"end":{"line":58,"column":5}},"8":{"start":{"line":57,"column":6},"end":{"line":57,"column":34}},"9":{"start":{"line":61,"column":27},"end":{"line":77,"column":3}},"10":{"start":{"line":62,"column":4},"end":{"line":76,"column":11}},"11":{"start":{"line":68,"column":10},"end":{"line":73,"column":12}},"12":{"start":{"line":72,"column":27},"end":{"line":72,"column":56}},"13":{"start":{"line":79,"column":2},"end":{"line":107,"column":4}},"14":{"start":{"line":94,"column":63},"end":{"line":94,"column":91}},"15":{"start":{"line":110,"column":15},"end":{"line":144,"column":2}}},"fnMap":{"0":{"name":"(anonymous_0)","decl":{"start":{"line":19,"column":64},"end":{"line":19,"column":65}},"loc":{"start":{"line":22,"column":6},"end":{"line":108,"column":1}},"line":22},"1":{"name":"(anonymous_1)","decl":{"start":{"line":54,"column":29},"end":{"line":54,"column":30}},"loc":{"start":{"line":54,"column":45},"end":{"line":59,"column":3}},"line":54},"2":{"name":"(anonymous_2)","decl":{"start":{"line":61,"column":27},"end":{"line":61,"column":28}},"loc":{"start":{"line":62,"column":4},"end":{"line":76,"column":11}},"line":62},"3":{"name":"(anonymous_3)","decl":{"start":{"line":67,"column":28},"end":{"line":67,"column":29}},"loc":{"start":{"line":68,"column":10},"end":{"line":73,"column":12}},"line":68},"4":{"name":"(anonymous_4)","decl":{"start":{"line":72,"column":21},"end":{"line":72,"column":22}},"loc":{"start":{"line":72,"column":27},"end":{"line":72,"column":56}},"line":72},"5":{"name":"(anonymous_5)","decl":{"start":{"line":94,"column":57},"end":{"line":94,"column":58}},"loc":{"start":{"line":94,"column":63},"end":{"line":94,"column":91}},"line":94}},"branchMap":{"0":{"loc":{"start":{"line":20,"column":2},"end":{"line":20,"column":23}},"type":"default-arg","locations":[{"start":{"line":20,"column":22},"end":{"line":20,"column":23}}],"line":20},"1":{"loc":{"start":{"line":21,"column":2},"end":{"line":21,"column":35}},"type":"default-arg","locations":[{"start":{"line":21,"column":30},"end":{"line":21,"column":35}}],"line":21},"2":{"loc":{"start":{"line":56,"column":4},"end":{"line":58,"column":5}},"type":"if","locations":[{"start":{"line":56,"column":4},"end":{"line":58,"column":5}},{"start":{},"end":{}}],"line":56},"3":{"loc":{"start":{"line":84,"column":11},"end":{"line":88,"column":11}},"type":"binary-expr","locations":[{"start":{"line":84,"column":12},"end":{"line":84,"column":20}},{"start":{"line":84,"column":24},"end":{"line":84,"column":43}},{"start":{"line":85,"column":12},"end":{"line":87,"column":19}}],"line":84},"4":{"loc":{"start":{"line":85,"column":43},"end":{"line":85,"column":71}},"type":"binary-expr","locations":[{"start":{"line":85,"column":43},"end":{"line":85,"column":50}},{"start":{"line":85,"column":54},"end":{"line":85,"column":71}}],"line":85},"5":{"loc":{"start":{"line":91,"column":11},"end":{"line":103,"column":11}},"type":"binary-expr","locations":[{"start":{"line":91,"column":12},"end":{"line":91,"column":20}},{"start":{"line":91,"column":24},"end":{"line":91,"column":42}},{"start":{"line":92,"column":12},"end":{"line":102,"column":19}}],"line":91},"6":{"loc":{"start":{"line":92,"column":45},"end":{"line":92,"column":73}},"type":"binary-expr","locations":[{"start":{"line":92,"column":45},"end":{"line":92,"column":52}},{"start":{"line":92,"column":56},"end":{"line":92,"column":73}}],"line":92},"7":{"loc":{"start":{"line":93,"column":15},"end":{"line":101,"column":15}},"type":"cond-expr","locations":[{"start":{"line":94,"column":16},"end":{"line":94,"column":95}},{"start":{"line":96,"column":16},"end":{"line":100,"column":23}}],"line":93}},"s":{"0":2,"1":10,"2":10,"3":10,"4":10,"5":10,"6":3,"7":3,"8":2,"9":10,"10":8,"11":24,"12":3,"13":10,"14":1,"15":2},"f":{"0":10,"1":3,"2":8,"3":24,"4":3,"5":1},"b":{"0":[9],"1":[9],"2":[2,1],"3":[10,6,8],"4":[8,4],"5":[10,6,6],"6":[6,2],"7":[5,1]},"_coverageSchema":"1a1c01bbd47fc00a2c39e90264f33305004495a9","hash":"652cc1e7b828cc787271d29d94d0f4973c1d72ef"}
,"/Users/joshnaramojipally/ReactNative Projects/MindoulaDashBoard/src/presentation/screens/Prescriptions/PrescriptionScreen.tsx": {"path":"/Users/joshnaramojipally/ReactNative Projects/MindoulaDashBoard/src/presentation/screens/Prescriptions/PrescriptionScreen.tsx","statementMap":{"0":{"start":{"line":14,"column":44},"end":{"line":80,"column":1}},"1":{"start":{"line":15,"column":21},"end":{"line":15,"column":57}},"2":{"start":{"line":17,"column":40},"end":{"line":44,"column":3}},"3":{"start":{"line":46,"column":2},"end":{"line":79,"column":4}},"4":{"start":{"line":51,"column":25},"end":{"line":51,"column":76}},"5":{"start":{"line":64,"column":12},"end":{"line":74,"column":14}},"6":{"start":{"line":69,"column":16},"end":{"line":69,"column":90}},"7":{"start":{"line":72,"column":16},"end":{"line":72,"column":92}},"8":{"start":{"line":82,"column":15},"end":{"line":89,"column":2}}},"fnMap":{"0":{"name":"(anonymous_0)","decl":{"start":{"line":14,"column":44},"end":{"line":14,"column":45}},"loc":{"start":{"line":14,"column":50},"end":{"line":80,"column":1}},"line":14},"1":{"name":"(anonymous_1)","decl":{"start":{"line":51,"column":19},"end":{"line":51,"column":20}},"loc":{"start":{"line":51,"column":25},"end":{"line":51,"column":76}},"line":51},"2":{"name":"(anonymous_2)","decl":{"start":{"line":63,"column":29},"end":{"line":63,"column":30}},"loc":{"start":{"line":64,"column":12},"end":{"line":74,"column":14}},"line":64},"3":{"name":"(anonymous_3)","decl":{"start":{"line":68,"column":29},"end":{"line":68,"column":30}},"loc":{"start":{"line":69,"column":16},"end":{"line":69,"column":90}},"line":69},"4":{"name":"(anonymous_4)","decl":{"start":{"line":71,"column":31},"end":{"line":71,"column":32}},"loc":{"start":{"line":72,"column":16},"end":{"line":72,"column":92}},"line":72}},"branchMap":{},"s":{"0":2,"1":4,"2":4,"3":4,"4":1,"5":8,"6":1,"7":1,"8":2},"f":{"0":4,"1":1,"2":8,"3":1,"4":1},"b":{},"_coverageSchema":"1a1c01bbd47fc00a2c39e90264f33305004495a9","hash":"1bbab0e45bccd84bd64961ce9dbabdaaa806d2b9"}
,"/Users/joshnaramojipally/ReactNative Projects/MindoulaDashBoard/src/presentation/screens/Prescriptions/RefillScreen.tsx": {"path":"/Users/joshnaramojipally/ReactNative Projects/MindoulaDashBoard/src/presentation/screens/Prescriptions/RefillScreen.tsx","statementMap":{"0":{"start":{"line":12,"column":38},"end":{"line":77,"column":1}},"1":{"start":{"line":13,"column":21},"end":{"line":13,"column":41}},"2":{"start":{"line":14,"column":22},"end":{"line":14,"column":37}},"3":{"start":{"line":16,"column":24},"end":{"line":20,"column":3}},"4":{"start":{"line":17,"column":4},"end":{"line":19,"column":7}},"5":{"start":{"line":18,"column":35},"end":{"line":18,"column":54}},"6":{"start":{"line":22,"column":2},"end":{"line":76,"column":4}},"7":{"start":{"line":25,"column":41},"end":{"line":25,"column":60}},"8":{"start":{"line":63,"column":29},"end":{"line":63,"column":48}},"9":{"start":{"line":79,"column":15},"end":{"line":118,"column":2}}},"fnMap":{"0":{"name":"(anonymous_0)","decl":{"start":{"line":12,"column":38},"end":{"line":12,"column":39}},"loc":{"start":{"line":12,"column":44},"end":{"line":77,"column":1}},"line":12},"1":{"name":"(anonymous_1)","decl":{"start":{"line":16,"column":24},"end":{"line":16,"column":25}},"loc":{"start":{"line":16,"column":30},"end":{"line":20,"column":3}},"line":16},"2":{"name":"(anonymous_2)","decl":{"start":{"line":18,"column":29},"end":{"line":18,"column":30}},"loc":{"start":{"line":18,"column":35},"end":{"line":18,"column":54}},"line":18},"3":{"name":"(anonymous_3)","decl":{"start":{"line":25,"column":35},"end":{"line":25,"column":36}},"loc":{"start":{"line":25,"column":41},"end":{"line":25,"column":60}},"line":25},"4":{"name":"(anonymous_4)","decl":{"start":{"line":63,"column":23},"end":{"line":63,"column":24}},"loc":{"start":{"line":63,"column":29},"end":{"line":63,"column":48}},"line":63}},"branchMap":{"0":{"loc":{"start":{"line":59,"column":42},"end":{"line":59,"column":66}},"type":"binary-expr","locations":[{"start":{"line":59,"column":42},"end":{"line":59,"column":49}},{"start":{"line":59,"column":53},"end":{"line":59,"column":66}}],"line":59},"1":{"loc":{"start":{"line":64,"column":21},"end":{"line":64,"column":65}},"type":"cond-expr","locations":[{"start":{"line":64,"column":31},"end":{"line":64,"column":47}},{"start":{"line":64,"column":50},"end":{"line":64,"column":65}}],"line":64},"2":{"loc":{"start":{"line":70,"column":21},"end":{"line":70,"column":65}},"type":"cond-expr","locations":[{"start":{"line":70,"column":31},"end":{"line":70,"column":47}},{"start":{"line":70,"column":50},"end":{"line":70,"column":65}}],"line":70}},"s":{"0":2,"1":5,"2":5,"3":5,"4":1,"5":1,"6":5,"7":1,"8":1,"9":2},"f":{"0":5,"1":1,"2":1,"3":1,"4":1},"b":{"0":[5,1],"1":[1,4],"2":[1,4]},"_coverageSchema":"1a1c01bbd47fc00a2c39e90264f33305004495a9","hash":"76d25f42322b40249b5f387f6fd7946310cf341d"}
,"/Users/joshnaramojipally/ReactNative Projects/MindoulaDashBoard/src/presentation/screens/Prescriptions/ViewDetailsScreen.tsx": {"path":"/Users/joshnaramojipally/ReactNative Projects/MindoulaDashBoard/src/presentation/screens/Prescriptions/ViewDetailsScreen.tsx","statementMap":{"0":{"start":{"line":11,"column":19},"end":{"line":20,"column":1}},"1":{"start":{"line":12,"column":2},"end":{"line":19,"column":9}},"2":{"start":{"line":22,"column":43},"end":{"line":66,"column":1}},"3":{"start":{"line":23,"column":16},"end":{"line":23,"column":31}},"4":{"start":{"line":24,"column":21},"end":{"line":24,"column":41}},"5":{"start":{"line":25,"column":23},"end":{"line":25,"column":49}},"6":{"start":{"line":26,"column":2},"end":{"line":26,"column":18}},"7":{"start":{"line":28,"column":2},"end":{"line":28,"column":33}},"8":{"start":{"line":28,"column":21},"end":{"line":28,"column":33}},"9":{"start":{"line":30,"column":2},"end":{"line":65,"column":4}},"10":{"start":{"line":33,"column":41},"end":{"line":33,"column":60}},"11":{"start":{"line":68,"column":15},"end":{"line":100,"column":2}}},"fnMap":{"0":{"name":"(anonymous_0)","decl":{"start":{"line":11,"column":19},"end":{"line":11,"column":20}},"loc":{"start":{"line":12,"column":2},"end":{"line":19,"column":9}},"line":12},"1":{"name":"(anonymous_1)","decl":{"start":{"line":22,"column":43},"end":{"line":22,"column":44}},"loc":{"start":{"line":22,"column":49},"end":{"line":66,"column":1}},"line":22},"2":{"name":"(anonymous_2)","decl":{"start":{"line":33,"column":35},"end":{"line":33,"column":36}},"loc":{"start":{"line":33,"column":41},"end":{"line":33,"column":60}},"line":33}},"branchMap":{"0":{"loc":{"start":{"line":28,"column":2},"end":{"line":28,"column":33}},"type":"if","locations":[{"start":{"line":28,"column":2},"end":{"line":28,"column":33}},{"start":{},"end":{}}],"line":28}},"s":{"0":2,"1":14,"2":2,"3":3,"4":3,"5":3,"6":3,"7":3,"8":1,"9":2,"10":1,"11":2},"f":{"0":14,"1":3,"2":1},"b":{"0":[1,2]},"_coverageSchema":"1a1c01bbd47fc00a2c39e90264f33305004495a9","hash":"7eda24273da7f6fce33bb2251dfce982957bb153"}
}
